2026-05-17 11:13:23 | INFO | altitude_trust_bank | app.main | Msgclickon application 
2026-05-17 11:13:23 | INFO | altitude_trust_bank | Database Connection | Database connection successful.
2026-05-17 11:13:23 | INFO | altitude_trust_bank | app.main | Database connection succesaful.
2026-05-17 11:37:41 | INFO | altitude_trust_bank | app.main | Shutting down MsgClickOn...
2026-05-17 11:37:45 | INFO | altitude_trust_bank | app.main | Msgclickon application 
2026-05-17 11:37:45 | INFO | altitude_trust_bank | Database Connection | Database connection successful.
2026-05-17 11:37:45 | INFO | altitude_trust_bank | app.main | Database connection succesaful.
2026-05-17 11:37:47 | INFO | altitude_trust_bank | app.main | Shutting down MsgClickOn...
2026-05-17 11:37:49 | INFO | altitude_trust_bank | app.main | Msgclickon application 
2026-05-17 11:37:49 | INFO | altitude_trust_bank | Database Connection | Database connection successful.
2026-05-17 11:37:49 | INFO | altitude_trust_bank | app.main | Database connection succesaful.
2026-05-17 11:37:51 | INFO | altitude_trust_bank | app.main | Shutting down MsgClickOn...
2026-05-17 11:37:53 | INFO | altitude_trust_bank | app.main | Msgclickon application 
2026-05-17 11:37:54 | INFO | altitude_trust_bank | Database Connection | Database connection successful.
2026-05-17 11:37:54 | INFO | altitude_trust_bank | app.main | Database connection succesaful.
2026-05-17 11:37:54 | INFO | altitude_trust_bank | app.main | Shutting down MsgClickOn...
2026-05-17 11:37:57 | INFO | altitude_trust_bank | app.main | Msgclickon application 
2026-05-17 11:37:57 | INFO | altitude_trust_bank | Database Connection | Database connection successful.
2026-05-17 11:37:57 | INFO | altitude_trust_bank | app.main | Database connection succesaful.
2026-05-17 11:38:02 | INFO | altitude_trust_bank | app.main | Shutting down MsgClickOn...
2026-05-17 11:38:05 | INFO | altitude_trust_bank | app.main | Msgclickon application 
2026-05-17 11:38:05 | INFO | altitude_trust_bank | Database Connection | Database connection successful.
2026-05-17 11:38:05 | INFO | altitude_trust_bank | app.main | Database connection succesaful.
2026-05-17 11:38:36 | INFO | altitude_trust_bank | app.main | Shutting down MsgClickOn...
2026-05-17 11:38:39 | INFO | altitude_trust_bank | app.main | Msgclickon application 
2026-05-17 11:38:40 | INFO | altitude_trust_bank | Database Connection | Database connection successful.
2026-05-17 11:38:40 | INFO | altitude_trust_bank | app.main | Database connection succesaful.
2026-05-17 11:38:41 | INFO | altitude_trust_bank | app.main | Shutting down MsgClickOn...
2026-05-17 11:38:45 | INFO | altitude_trust_bank | app.main | Msgclickon application 
2026-05-17 11:38:45 | INFO | altitude_trust_bank | Database Connection | Database connection successful.
2026-05-17 11:38:45 | INFO | altitude_trust_bank | app.main | Database connection succesaful.
2026-05-17 11:39:20 | INFO | altitude_trust_bank | app.main | Shutting down MsgClickOn...
2026-05-17 11:39:22 | INFO | altitude_trust_bank | app.main | Msgclickon application 
2026-05-17 11:39:22 | INFO | altitude_trust_bank | Database Connection | Database connection successful.
2026-05-17 11:39:22 | INFO | altitude_trust_bank | app.main | Database connection succesaful.
2026-05-17 11:39:23 | INFO | altitude_trust_bank | app.main | Shutting down MsgClickOn...
2026-05-17 11:39:25 | INFO | altitude_trust_bank | app.main | Msgclickon application 
2026-05-17 11:39:25 | INFO | altitude_trust_bank | Database Connection | Database connection successful.
2026-05-17 11:39:25 | INFO | altitude_trust_bank | app.main | Database connection succesaful.
2026-05-17 11:39:25 | INFO | altitude_trust_bank | app.main | Shutting down MsgClickOn...
2026-05-17 11:39:29 | INFO | altitude_trust_bank | app.main | Msgclickon application 
2026-05-17 11:39:29 | INFO | altitude_trust_bank | Database Connection | Database connection successful.
2026-05-17 11:39:29 | INFO | altitude_trust_bank | app.main | Database connection succesaful.
2026-05-17 11:39:39 | INFO | altitude_trust_bank | app.main | Shutting down MsgClickOn...
2026-05-17 11:39:42 | INFO | altitude_trust_bank | app.main | Msgclickon application 
2026-05-17 11:39:42 | INFO | altitude_trust_bank | Database Connection | Database connection successful.
2026-05-17 11:39:42 | INFO | altitude_trust_bank | app.main | Database connection succesaful.
2026-05-17 11:44:16 | INFO | altitude_trust_bank | app.main | Shutting down MsgClickOn...
2026-05-17 11:44:18 | INFO | altitude_trust_bank | app.main | Msgclickon application 
2026-05-17 11:44:18 | INFO | altitude_trust_bank | Database Connection | Database connection successful.
2026-05-17 11:44:18 | INFO | altitude_trust_bank | app.main | Database connection succesaful.
2026-05-17 11:44:20 | INFO | altitude_trust_bank | app.main | Shutting down MsgClickOn...
2026-05-17 11:44:23 | INFO | altitude_trust_bank | app.main | Msgclickon application 
2026-05-17 11:44:23 | INFO | altitude_trust_bank | Database Connection | Database connection successful.
2026-05-17 11:44:23 | INFO | altitude_trust_bank | app.main | Database connection succesaful.
2026-05-17 11:44:23 | INFO | altitude_trust_bank | app.main | Shutting down MsgClickOn...
2026-05-17 11:44:25 | INFO | altitude_trust_bank | app.main | Msgclickon application 
2026-05-17 11:44:25 | INFO | altitude_trust_bank | Database Connection | Database connection successful.
2026-05-17 11:44:25 | INFO | altitude_trust_bank | app.main | Database connection succesaful.
2026-05-17 11:44:32 | INFO | altitude_trust_bank | app.main | Shutting down MsgClickOn...
2026-05-17 11:44:35 | INFO | altitude_trust_bank | app.main | Msgclickon application 
2026-05-17 11:44:35 | INFO | altitude_trust_bank | Database Connection | Database connection successful.
2026-05-17 11:44:35 | INFO | altitude_trust_bank | app.main | Database connection succesaful.
2026-05-17 11:44:49 | INFO | altitude_trust_bank | app.main | Shutting down MsgClickOn...
2026-05-17 11:44:50 | INFO | altitude_trust_bank | app.main | Msgclickon application 
2026-05-17 11:44:51 | INFO | altitude_trust_bank | Database Connection | Database connection successful.
2026-05-17 11:44:51 | INFO | altitude_trust_bank | app.main | Database connection succesaful.
2026-05-17 11:46:28 | INFO | altitude_trust_bank | app.main | Shutting down MsgClickOn...
2026-05-17 11:46:31 | INFO | altitude_trust_bank | app.main | Msgclickon application 
2026-05-17 11:46:31 | INFO | altitude_trust_bank | Database Connection | Database connection successful.
2026-05-17 11:46:31 | INFO | altitude_trust_bank | app.main | Database connection succesaful.
2026-05-17 11:46:31 | INFO | altitude_trust_bank | app.main | Shutting down MsgClickOn...
2026-05-17 11:46:34 | INFO | altitude_trust_bank | app.main | Msgclickon application 
2026-05-17 11:46:34 | INFO | altitude_trust_bank | Database Connection | Database connection successful.
2026-05-17 11:46:34 | INFO | altitude_trust_bank | app.main | Database connection succesaful.
2026-05-17 11:48:03 | INFO | altitude_trust_bank | app.main | Shutting down MsgClickOn...
2026-05-17 11:48:05 | INFO | altitude_trust_bank | app.main | Msgclickon application 
2026-05-17 11:48:05 | INFO | altitude_trust_bank | Database Connection | Database connection successful.
2026-05-17 11:48:05 | INFO | altitude_trust_bank | app.main | Database connection succesaful.
2026-05-17 11:48:32 | INFO | altitude_trust_bank | app.main | Shutting down MsgClickOn...
2026-05-17 11:48:33 | INFO | altitude_trust_bank | app.main | Msgclickon application 
2026-05-17 11:48:34 | INFO | altitude_trust_bank | Database Connection | Database connection successful.
2026-05-17 11:48:34 | INFO | altitude_trust_bank | app.main | Database connection succesaful.
2026-05-17 11:49:01 | INFO | altitude_trust_bank | app.main | Shutting down MsgClickOn...
2026-05-17 11:49:02 | INFO | altitude_trust_bank | app.main | Msgclickon application 
2026-05-17 11:49:02 | INFO | altitude_trust_bank | Database Connection | Database connection successful.
2026-05-17 11:49:02 | INFO | altitude_trust_bank | app.main | Database connection succesaful.
2026-05-17 11:49:03 | INFO | altitude_trust_bank | app.main | Shutting down MsgClickOn...
2026-05-17 11:49:07 | INFO | altitude_trust_bank | app.main | Msgclickon application 
2026-05-17 11:49:07 | INFO | altitude_trust_bank | Database Connection | Database connection successful.
2026-05-17 11:49:07 | INFO | altitude_trust_bank | app.main | Database connection succesaful.
2026-05-17 11:49:07 | INFO | altitude_trust_bank | app.main | Shutting down MsgClickOn...
2026-05-17 11:49:10 | INFO | altitude_trust_bank | app.main | Msgclickon application 
2026-05-17 11:49:10 | INFO | altitude_trust_bank | Database Connection | Database connection successful.
2026-05-17 11:49:10 | INFO | altitude_trust_bank | app.main | Database connection succesaful.
2026-05-17 11:49:18 | INFO | altitude_trust_bank | app.main | Shutting down MsgClickOn...
2026-05-17 11:49:20 | INFO | altitude_trust_bank | app.main | Msgclickon application 
2026-05-17 11:49:20 | INFO | altitude_trust_bank | Database Connection | Database connection successful.
2026-05-17 11:49:20 | INFO | altitude_trust_bank | app.main | Database connection succesaful.
2026-05-17 11:49:20 | INFO | altitude_trust_bank | app.main | Shutting down MsgClickOn...
2026-05-17 11:49:22 | INFO | altitude_trust_bank | app.main | Msgclickon application 
2026-05-17 11:49:22 | INFO | altitude_trust_bank | Database Connection | Database connection successful.
2026-05-17 11:49:22 | INFO | altitude_trust_bank | app.main | Database connection succesaful.
2026-05-17 11:49:25 | INFO | altitude_trust_bank | app.main | Shutting down MsgClickOn...
2026-05-17 11:49:27 | INFO | altitude_trust_bank | app.main | Msgclickon application 
2026-05-17 11:49:27 | INFO | altitude_trust_bank | Database Connection | Database connection successful.
2026-05-17 11:49:27 | INFO | altitude_trust_bank | app.main | Database connection succesaful.
2026-05-17 11:51:04 | INFO | altitude_trust_bank | app.main | Shutting down MsgClickOn...
2026-05-17 11:51:07 | INFO | altitude_trust_bank | app.main | Msgclickon application 
2026-05-17 11:51:07 | INFO | altitude_trust_bank | Database Connection | Database connection successful.
2026-05-17 11:51:07 | INFO | altitude_trust_bank | app.main | Database connection succesaful.
2026-05-17 11:51:07 | INFO | altitude_trust_bank | app.main | Shutting down MsgClickOn...
2026-05-17 11:51:09 | INFO | altitude_trust_bank | app.main | Msgclickon application 
2026-05-17 11:51:09 | INFO | altitude_trust_bank | Database Connection | Database connection successful.
2026-05-17 11:51:09 | INFO | altitude_trust_bank | app.main | Database connection succesaful.
2026-05-17 11:51:09 | INFO | altitude_trust_bank | app.main | Shutting down MsgClickOn...
2026-05-17 11:51:11 | INFO | altitude_trust_bank | app.main | Msgclickon application 
2026-05-17 11:51:11 | INFO | altitude_trust_bank | Database Connection | Database connection successful.
2026-05-17 11:51:11 | INFO | altitude_trust_bank | app.main | Database connection succesaful.
2026-05-17 11:51:12 | INFO | altitude_trust_bank | app.main | Shutting down MsgClickOn...
2026-05-17 11:51:15 | INFO | altitude_trust_bank | app.main | Msgclickon application 
2026-05-17 11:51:15 | INFO | altitude_trust_bank | Database Connection | Database connection successful.
2026-05-17 11:51:15 | INFO | altitude_trust_bank | app.main | Database connection succesaful.
2026-05-17 11:51:15 | INFO | altitude_trust_bank | app.main | Shutting down MsgClickOn...
2026-05-17 11:51:18 | INFO | altitude_trust_bank | app.main | Msgclickon application 
2026-05-17 11:51:18 | INFO | altitude_trust_bank | Database Connection | Database connection successful.
2026-05-17 11:51:18 | INFO | altitude_trust_bank | app.main | Database connection succesaful.
2026-05-17 11:51:30 | INFO | altitude_trust_bank | app.main | Shutting down MsgClickOn...
2026-05-17 11:51:32 | INFO | altitude_trust_bank | app.main | Msgclickon application 
2026-05-17 11:51:32 | INFO | altitude_trust_bank | Database Connection | Database connection successful.
2026-05-17 11:51:32 | INFO | altitude_trust_bank | app.main | Database connection succesaful.
2026-05-17 11:51:34 | INFO | altitude_trust_bank | app.main | Shutting down MsgClickOn...
2026-05-17 11:51:36 | INFO | altitude_trust_bank | app.main | Msgclickon application 
2026-05-17 11:51:36 | INFO | altitude_trust_bank | Database Connection | Database connection successful.
2026-05-17 11:51:36 | INFO | altitude_trust_bank | app.main | Database connection succesaful.
2026-05-17 11:51:38 | INFO | altitude_trust_bank | app.main | Shutting down MsgClickOn...
2026-05-17 11:51:41 | INFO | altitude_trust_bank | app.main | Msgclickon application 
2026-05-17 11:51:41 | INFO | altitude_trust_bank | Database Connection | Database connection successful.
2026-05-17 11:51:41 | INFO | altitude_trust_bank | app.main | Database connection succesaful.
2026-05-17 11:51:47 | INFO | altitude_trust_bank | app.main | Shutting down MsgClickOn...
2026-05-17 11:51:50 | INFO | altitude_trust_bank | app.main | Msgclickon application 
2026-05-17 11:51:50 | INFO | altitude_trust_bank | Database Connection | Database connection successful.
2026-05-17 11:51:50 | INFO | altitude_trust_bank | app.main | Database connection succesaful.
2026-05-17 11:51:54 | INFO | altitude_trust_bank | app.main | Shutting down MsgClickOn...
2026-05-17 11:51:57 | INFO | altitude_trust_bank | app.main | Msgclickon application 
2026-05-17 11:51:57 | INFO | altitude_trust_bank | Database Connection | Database connection successful.
2026-05-17 11:51:57 | INFO | altitude_trust_bank | app.main | Database connection succesaful.
2026-05-17 11:51:57 | INFO | altitude_trust_bank | app.main | Shutting down MsgClickOn...
2026-05-17 11:52:00 | INFO | altitude_trust_bank | app.main | Msgclickon application 
2026-05-17 11:52:00 | INFO | altitude_trust_bank | Database Connection | Database connection successful.
2026-05-17 11:52:00 | INFO | altitude_trust_bank | app.main | Database connection succesaful.
2026-05-17 11:52:00 | INFO | altitude_trust_bank | app.main | Shutting down MsgClickOn...
2026-05-17 11:52:03 | INFO | altitude_trust_bank | app.main | Msgclickon application 
2026-05-17 11:52:04 | INFO | altitude_trust_bank | Database Connection | Database connection successful.
2026-05-17 11:52:04 | INFO | altitude_trust_bank | app.main | Database connection succesaful.
2026-05-17 11:52:07 | INFO | altitude_trust_bank | app.main | Shutting down MsgClickOn...
2026-05-17 11:52:09 | INFO | altitude_trust_bank | app.main | Msgclickon application 
2026-05-17 11:52:09 | INFO | altitude_trust_bank | Database Connection | Database connection successful.
2026-05-17 11:52:09 | INFO | altitude_trust_bank | app.main | Database connection succesaful.
2026-05-17 11:52:12 | INFO | altitude_trust_bank | app.main | Shutting down MsgClickOn...
2026-05-17 11:52:14 | INFO | altitude_trust_bank | app.main | Msgclickon application 
2026-05-17 11:52:14 | INFO | altitude_trust_bank | Database Connection | Database connection successful.
2026-05-17 11:52:14 | INFO | altitude_trust_bank | app.main | Database connection succesaful.
2026-05-17 11:52:16 | INFO | altitude_trust_bank | app.main | Shutting down MsgClickOn...
2026-05-17 11:52:19 | INFO | altitude_trust_bank | app.main | Msgclickon application 
2026-05-17 11:52:20 | INFO | altitude_trust_bank | Database Connection | Database connection successful.
2026-05-17 11:52:20 | INFO | altitude_trust_bank | app.main | Database connection succesaful.
2026-05-17 11:52:21 | INFO | altitude_trust_bank | app.main | Shutting down MsgClickOn...
2026-05-17 11:52:24 | INFO | altitude_trust_bank | app.main | Msgclickon application 
2026-05-17 11:52:24 | INFO | altitude_trust_bank | Database Connection | Database connection successful.
2026-05-17 11:52:24 | INFO | altitude_trust_bank | app.main | Database connection succesaful.
2026-05-17 11:52:33 | INFO | altitude_trust_bank | app.main | Shutting down MsgClickOn...
2026-05-17 11:52:35 | INFO | altitude_trust_bank | app.main | Msgclickon application 
2026-05-17 11:52:35 | INFO | altitude_trust_bank | Database Connection | Database connection successful.
2026-05-17 11:52:35 | INFO | altitude_trust_bank | app.main | Database connection succesaful.
2026-05-17 11:52:41 | INFO | altitude_trust_bank | app.main | Shutting down MsgClickOn...
2026-05-17 11:52:44 | INFO | altitude_trust_bank | app.main | Msgclickon application 
2026-05-17 11:52:44 | INFO | altitude_trust_bank | Database Connection | Database connection successful.
2026-05-17 11:52:44 | INFO | altitude_trust_bank | app.main | Database connection succesaful.
2026-05-17 11:52:58 | INFO | altitude_trust_bank | app.main | Shutting down MsgClickOn...
2026-05-17 11:53:02 | INFO | altitude_trust_bank | app.main | Msgclickon application 
2026-05-17 11:53:02 | INFO | altitude_trust_bank | Database Connection | Database connection successful.
2026-05-17 11:53:02 | INFO | altitude_trust_bank | app.main | Database connection succesaful.
2026-05-17 11:54:13 | INFO | altitude_trust_bank | app.main | Shutting down MsgClickOn...
2026-05-17 11:54:15 | INFO | altitude_trust_bank | app.main | Msgclickon application 
2026-05-17 11:54:15 | INFO | altitude_trust_bank | Database Connection | Database connection successful.
2026-05-17 11:54:15 | INFO | altitude_trust_bank | app.main | Database connection succesaful.
2026-05-17 11:54:21 | INFO | altitude_trust_bank | app.main | Shutting down MsgClickOn...
2026-05-17 11:54:24 | INFO | altitude_trust_bank | app.main | Msgclickon application 
2026-05-17 11:54:24 | INFO | altitude_trust_bank | Database Connection | Database connection successful.
2026-05-17 11:54:24 | INFO | altitude_trust_bank | app.main | Database connection succesaful.
2026-05-17 11:55:28 | INFO | altitude_trust_bank | app.main | Shutting down MsgClickOn...
2026-05-17 11:55:30 | INFO | altitude_trust_bank | app.main | Msgclickon application 
2026-05-17 11:55:30 | INFO | altitude_trust_bank | Database Connection | Database connection successful.
2026-05-17 11:55:30 | INFO | altitude_trust_bank | app.main | Database connection succesaful.
2026-05-17 11:55:35 | INFO | altitude_trust_bank | app.main | Shutting down MsgClickOn...
2026-05-17 11:55:38 | INFO | altitude_trust_bank | app.main | Msgclickon application 
2026-05-17 11:55:38 | INFO | altitude_trust_bank | Database Connection | Database connection successful.
2026-05-17 11:55:38 | INFO | altitude_trust_bank | app.main | Database connection succesaful.
2026-05-17 11:55:39 | INFO | altitude_trust_bank | app.main | Shutting down MsgClickOn...
2026-05-17 11:55:40 | INFO | altitude_trust_bank | app.main | Msgclickon application 
2026-05-17 11:55:40 | INFO | altitude_trust_bank | Database Connection | Database connection successful.
2026-05-17 11:55:40 | INFO | altitude_trust_bank | app.main | Database connection succesaful.
2026-05-17 11:55:40 | INFO | altitude_trust_bank | app.main | Shutting down MsgClickOn...
2026-05-17 11:55:42 | INFO | altitude_trust_bank | app.main | Msgclickon application 
2026-05-17 11:55:42 | INFO | altitude_trust_bank | Database Connection | Database connection successful.
2026-05-17 11:55:42 | INFO | altitude_trust_bank | app.main | Database connection succesaful.
2026-05-17 11:55:42 | INFO | altitude_trust_bank | app.main | Shutting down MsgClickOn...
2026-05-17 11:55:43 | INFO | altitude_trust_bank | app.main | Msgclickon application 
2026-05-17 11:55:43 | INFO | altitude_trust_bank | Database Connection | Database connection successful.
2026-05-17 11:55:43 | INFO | altitude_trust_bank | app.main | Database connection succesaful.
2026-05-17 11:55:44 | INFO | altitude_trust_bank | app.main | Shutting down MsgClickOn...
2026-05-17 11:55:47 | INFO | altitude_trust_bank | app.main | Msgclickon application 
2026-05-17 11:55:47 | INFO | altitude_trust_bank | Database Connection | Database connection successful.
2026-05-17 11:55:47 | INFO | altitude_trust_bank | app.main | Database connection succesaful.
2026-05-17 11:55:47 | INFO | altitude_trust_bank | app.main | Shutting down MsgClickOn...
2026-05-17 11:55:49 | INFO | altitude_trust_bank | app.main | Msgclickon application 
2026-05-17 11:55:49 | INFO | altitude_trust_bank | Database Connection | Database connection successful.
2026-05-17 11:55:49 | INFO | altitude_trust_bank | app.main | Database connection succesaful.
2026-05-17 11:55:49 | INFO | altitude_trust_bank | app.main | Shutting down MsgClickOn...
2026-05-17 11:55:52 | INFO | altitude_trust_bank | app.main | Msgclickon application 
2026-05-17 11:55:52 | INFO | altitude_trust_bank | Database Connection | Database connection successful.
2026-05-17 11:55:52 | INFO | altitude_trust_bank | app.main | Database connection succesaful.
2026-05-17 11:55:52 | INFO | altitude_trust_bank | app.main | Shutting down MsgClickOn...
2026-05-17 11:55:55 | INFO | altitude_trust_bank | app.main | Msgclickon application 
2026-05-17 11:55:55 | INFO | altitude_trust_bank | Database Connection | Database connection successful.
2026-05-17 11:55:55 | INFO | altitude_trust_bank | app.main | Database connection succesaful.
2026-05-17 11:56:03 | INFO | altitude_trust_bank | app.main | Shutting down MsgClickOn...
2026-05-17 11:56:05 | INFO | altitude_trust_bank | app.main | Msgclickon application 
2026-05-17 11:56:05 | INFO | altitude_trust_bank | Database Connection | Database connection successful.
2026-05-17 11:56:05 | INFO | altitude_trust_bank | app.main | Database connection succesaful.
2026-05-17 12:48:31 | INFO | altitude_trust_bank | app.main | Shutting down MsgClickOn...
2026-05-17 12:48:33 | INFO | altitude_trust_bank | app.main | Msgclickon application 
2026-05-17 12:48:33 | INFO | altitude_trust_bank | Database Connection | Database connection successful.
2026-05-17 12:48:33 | INFO | altitude_trust_bank | app.main | Database connection succesaful.
2026-05-17 12:55:58 | INFO | altitude_trust_bank | app.main | Shutting down MsgClickOn...
2026-05-17 12:56:01 | INFO | altitude_trust_bank | app.main | Msgclickon application 
2026-05-17 12:56:01 | INFO | altitude_trust_bank | Database Connection | Database connection successful.
2026-05-17 12:56:01 | INFO | altitude_trust_bank | app.main | Database connection succesaful.
2026-05-17 13:00:50 | INFO | altitude_trust_bank | app.main | Shutting down MsgClickOn...
2026-05-17 13:00:52 | INFO | altitude_trust_bank | app.main | Msgclickon application 
2026-05-17 13:00:52 | INFO | altitude_trust_bank | Database Connection | Database connection successful.
2026-05-17 13:00:52 | INFO | altitude_trust_bank | app.main | Database connection succesaful.
2026-05-17 13:00:58 | INFO | altitude_trust_bank | app.main | Shutting down MsgClickOn...
2026-05-17 13:00:59 | INFO | altitude_trust_bank | app.main | Msgclickon application 
2026-05-17 13:01:00 | INFO | altitude_trust_bank | Database Connection | Database connection successful.
2026-05-17 13:01:00 | INFO | altitude_trust_bank | app.main | Database connection succesaful.
2026-05-17 13:01:06 | INFO | altitude_trust_bank | app.main | Shutting down MsgClickOn...
2026-05-17 13:01:08 | INFO | altitude_trust_bank | app.main | Msgclickon application 
2026-05-17 13:01:08 | INFO | altitude_trust_bank | Database Connection | Database connection successful.
2026-05-17 13:01:08 | INFO | altitude_trust_bank | app.main | Database connection succesaful.
2026-05-17 13:01:10 | INFO | altitude_trust_bank | app.main | Shutting down MsgClickOn...
2026-05-17 13:01:11 | INFO | altitude_trust_bank | app.main | Msgclickon application 
2026-05-17 13:01:11 | INFO | altitude_trust_bank | Database Connection | Database connection successful.
2026-05-17 13:01:11 | INFO | altitude_trust_bank | app.main | Database connection succesaful.
2026-05-17 13:02:40 | INFO | altitude_trust_bank | app.main | Shutting down MsgClickOn...
2026-05-17 13:02:42 | INFO | altitude_trust_bank | app.main | Msgclickon application 
2026-05-17 13:02:42 | INFO | altitude_trust_bank | Database Connection | Database connection successful.
2026-05-17 13:02:42 | INFO | altitude_trust_bank | app.main | Database connection succesaful.
2026-05-17 13:02:42 | INFO | altitude_trust_bank | app.main | Shutting down MsgClickOn...
2026-05-17 13:02:44 | INFO | altitude_trust_bank | app.main | Msgclickon application 
2026-05-17 13:02:44 | INFO | altitude_trust_bank | Database Connection | Database connection successful.
2026-05-17 13:02:44 | INFO | altitude_trust_bank | app.main | Database connection succesaful.
2026-05-17 13:02:44 | INFO | altitude_trust_bank | app.main | Shutting down MsgClickOn...
2026-05-17 13:02:46 | INFO | altitude_trust_bank | app.main | Msgclickon application 
2026-05-17 13:02:46 | INFO | altitude_trust_bank | Database Connection | Database connection successful.
2026-05-17 13:02:46 | INFO | altitude_trust_bank | app.main | Database connection succesaful.
2026-05-17 13:06:02 | INFO | altitude_trust_bank | app.main | Shutting down MsgClickOn...
2026-05-17 13:06:04 | INFO | altitude_trust_bank | app.main | Msgclickon application 
2026-05-17 13:06:04 | INFO | altitude_trust_bank | Database Connection | Database connection successful.
2026-05-17 13:06:04 | INFO | altitude_trust_bank | app.main | Database connection succesaful.
2026-05-17 13:09:44 | INFO | altitude_trust_bank | app.main | Shutting down MsgClickOn...
2026-05-17 13:09:46 | INFO | altitude_trust_bank | app.main | Msgclickon application 
2026-05-17 13:09:46 | INFO | altitude_trust_bank | Database Connection | Database connection successful.
2026-05-17 13:09:46 | INFO | altitude_trust_bank | app.main | Database connection succesaful.
2026-05-17 13:09:47 | INFO | altitude_trust_bank | app.main | Shutting down MsgClickOn...
2026-05-17 13:09:48 | INFO | altitude_trust_bank | app.main | Msgclickon application 
2026-05-17 13:09:48 | INFO | altitude_trust_bank | Database Connection | Database connection successful.
2026-05-17 13:09:48 | INFO | altitude_trust_bank | app.main | Database connection succesaful.
2026-05-17 13:09:50 | INFO | altitude_trust_bank | app.main | Shutting down MsgClickOn...
2026-05-17 13:09:51 | INFO | altitude_trust_bank | app.main | Msgclickon application 
2026-05-17 13:09:51 | INFO | altitude_trust_bank | Database Connection | Database connection successful.
2026-05-17 13:09:51 | INFO | altitude_trust_bank | app.main | Database connection succesaful.
2026-05-17 13:09:51 | INFO | altitude_trust_bank | app.main | Shutting down MsgClickOn...
2026-05-17 13:09:53 | INFO | altitude_trust_bank | app.main | Msgclickon application 
2026-05-17 13:09:53 | INFO | altitude_trust_bank | Database Connection | Database connection successful.
2026-05-17 13:09:53 | INFO | altitude_trust_bank | app.main | Database connection succesaful.
2026-05-17 13:09:55 | INFO | altitude_trust_bank | app.main | Shutting down MsgClickOn...
2026-05-17 13:09:57 | INFO | altitude_trust_bank | app.main | Msgclickon application 
2026-05-17 13:09:57 | INFO | altitude_trust_bank | Database Connection | Database connection successful.
2026-05-17 13:09:57 | INFO | altitude_trust_bank | app.main | Database connection succesaful.
2026-05-17 13:09:58 | INFO | altitude_trust_bank | app.main | Shutting down MsgClickOn...
2026-05-17 13:10:00 | INFO | altitude_trust_bank | app.main | Msgclickon application 
2026-05-17 13:10:00 | INFO | altitude_trust_bank | Database Connection | Database connection successful.
2026-05-17 13:10:00 | INFO | altitude_trust_bank | app.main | Database connection succesaful.
2026-05-17 13:10:03 | INFO | altitude_trust_bank | app.main | Shutting down MsgClickOn...
2026-05-17 13:10:04 | INFO | altitude_trust_bank | app.main | Msgclickon application 
2026-05-17 13:10:04 | INFO | altitude_trust_bank | Database Connection | Database connection successful.
2026-05-17 13:10:04 | INFO | altitude_trust_bank | app.main | Database connection succesaful.
2026-05-17 13:10:05 | INFO | altitude_trust_bank | app.main | Shutting down MsgClickOn...
2026-05-17 13:10:06 | INFO | altitude_trust_bank | app.main | Msgclickon application 
2026-05-17 13:10:06 | INFO | altitude_trust_bank | Database Connection | Database connection successful.
2026-05-17 13:10:06 | INFO | altitude_trust_bank | app.main | Database connection succesaful.
2026-05-17 13:10:08 | INFO | altitude_trust_bank | app.main | Shutting down MsgClickOn...
2026-05-17 13:10:09 | INFO | altitude_trust_bank | app.main | Msgclickon application 
2026-05-17 13:10:09 | INFO | altitude_trust_bank | Database Connection | Database connection successful.
2026-05-17 13:10:09 | INFO | altitude_trust_bank | app.main | Database connection succesaful.
2026-05-17 13:10:11 | INFO | altitude_trust_bank | app.main | Shutting down MsgClickOn...
2026-05-17 13:10:13 | INFO | altitude_trust_bank | app.main | Msgclickon application 
2026-05-17 13:10:13 | INFO | altitude_trust_bank | Database Connection | Database connection successful.
2026-05-17 13:10:13 | INFO | altitude_trust_bank | app.main | Database connection succesaful.
2026-05-17 13:10:16 | INFO | altitude_trust_bank | app.main | Shutting down MsgClickOn...
2026-05-17 13:10:19 | INFO | altitude_trust_bank | app.main | Msgclickon application 
2026-05-17 13:10:19 | INFO | altitude_trust_bank | Database Connection | Database connection successful.
2026-05-17 13:10:19 | INFO | altitude_trust_bank | app.main | Database connection succesaful.
2026-05-17 13:10:32 | INFO | altitude_trust_bank | app.main | Shutting down MsgClickOn...
2026-05-17 13:10:34 | INFO | altitude_trust_bank | app.main | Msgclickon application 
2026-05-17 13:10:34 | INFO | altitude_trust_bank | Database Connection | Database connection successful.
2026-05-17 13:10:34 | INFO | altitude_trust_bank | app.main | Database connection succesaful.
2026-05-17 13:10:39 | INFO | altitude_trust_bank | app.main | Shutting down MsgClickOn...
2026-05-17 13:10:41 | INFO | altitude_trust_bank | app.main | Msgclickon application 
2026-05-17 13:10:41 | INFO | altitude_trust_bank | Database Connection | Database connection successful.
2026-05-17 13:10:41 | INFO | altitude_trust_bank | app.main | Database connection succesaful.
2026-05-17 13:10:43 | INFO | altitude_trust_bank | app.main | Shutting down MsgClickOn...
2026-05-17 13:10:45 | INFO | altitude_trust_bank | app.main | Msgclickon application 
2026-05-17 13:10:45 | INFO | altitude_trust_bank | Database Connection | Database connection successful.
2026-05-17 13:10:45 | INFO | altitude_trust_bank | app.main | Database connection succesaful.
2026-05-17 13:16:46 | INFO | altitude_trust_bank | app.main | Shutting down MsgClickOn...
2026-05-17 13:16:48 | INFO | altitude_trust_bank | app.main | Msgclickon application 
2026-05-17 13:16:48 | INFO | altitude_trust_bank | Database Connection | Database connection successful.
2026-05-17 13:16:48 | INFO | altitude_trust_bank | app.main | Database connection succesaful.
2026-05-17 13:17:06 | INFO | altitude_trust_bank | app.main | Shutting down MsgClickOn...
2026-05-17 13:17:07 | INFO | altitude_trust_bank | app.main | Msgclickon application 
2026-05-17 13:17:08 | INFO | altitude_trust_bank | Database Connection | Database connection successful.
2026-05-17 13:17:08 | INFO | altitude_trust_bank | app.main | Database connection succesaful.
2026-05-17 13:18:46 | INFO | altitude_trust_bank | app.main | Shutting down MsgClickOn...
2026-05-17 13:18:48 | INFO | altitude_trust_bank | app.main | Msgclickon application 
2026-05-17 13:18:48 | INFO | altitude_trust_bank | Database Connection | Database connection successful.
2026-05-17 13:18:48 | INFO | altitude_trust_bank | app.main | Database connection succesaful.
2026-05-17 13:18:51 | INFO | altitude_trust_bank | app.main | Shutting down MsgClickOn...
2026-05-17 13:18:52 | INFO | altitude_trust_bank | app.main | Msgclickon application 
2026-05-17 13:18:52 | INFO | altitude_trust_bank | Database Connection | Database connection successful.
2026-05-17 13:18:52 | INFO | altitude_trust_bank | app.main | Database connection succesaful.
2026-05-17 13:19:40 | INFO | altitude_trust_bank | app.main | Shutting down MsgClickOn...
2026-05-17 13:19:41 | INFO | altitude_trust_bank | app.main | Msgclickon application 
2026-05-17 13:19:41 | INFO | altitude_trust_bank | Database Connection | Database connection successful.
2026-05-17 13:19:41 | INFO | altitude_trust_bank | app.main | Database connection succesaful.
2026-05-17 13:20:26 | INFO | altitude_trust_bank | app.main | Shutting down MsgClickOn...
2026-05-17 13:20:28 | INFO | altitude_trust_bank | app.main | Msgclickon application 
2026-05-17 13:20:28 | INFO | altitude_trust_bank | Database Connection | Database connection successful.
2026-05-17 13:20:28 | INFO | altitude_trust_bank | app.main | Database connection succesaful.
2026-05-17 13:20:28 | INFO | altitude_trust_bank | app.main | Shutting down MsgClickOn...
2026-05-17 13:20:29 | INFO | altitude_trust_bank | app.main | Msgclickon application 
2026-05-17 13:20:30 | INFO | altitude_trust_bank | Database Connection | Database connection successful.
2026-05-17 13:20:30 | INFO | altitude_trust_bank | app.main | Database connection succesaful.
2026-05-17 13:20:34 | INFO | altitude_trust_bank | app.main | Shutting down MsgClickOn...
2026-05-17 13:20:36 | INFO | altitude_trust_bank | app.main | Msgclickon application 
2026-05-17 13:20:36 | INFO | altitude_trust_bank | Database Connection | Database connection successful.
2026-05-17 13:20:36 | INFO | altitude_trust_bank | app.main | Database connection succesaful.
2026-05-17 13:20:54 | INFO | altitude_trust_bank | app.main | Shutting down MsgClickOn...
2026-05-17 13:20:56 | INFO | altitude_trust_bank | app.main | Msgclickon application 
2026-05-17 13:20:56 | INFO | altitude_trust_bank | Database Connection | Database connection successful.
2026-05-17 13:20:56 | INFO | altitude_trust_bank | app.main | Database connection succesaful.
2026-05-17 13:21:11 | INFO | altitude_trust_bank | app.main | Shutting down MsgClickOn...
2026-05-17 13:21:12 | INFO | altitude_trust_bank | app.main | Msgclickon application 
2026-05-17 13:21:12 | INFO | altitude_trust_bank | Database Connection | Database connection successful.
2026-05-17 13:21:12 | INFO | altitude_trust_bank | app.main | Database connection succesaful.
2026-05-17 13:21:15 | INFO | altitude_trust_bank | app.main | Shutting down MsgClickOn...
2026-05-17 13:21:17 | INFO | altitude_trust_bank | app.main | Msgclickon application 
2026-05-17 13:21:17 | INFO | altitude_trust_bank | Database Connection | Database connection successful.
2026-05-17 13:21:17 | INFO | altitude_trust_bank | app.main | Database connection succesaful.
2026-05-17 13:22:17 | INFO | altitude_trust_bank | app.main | Shutting down MsgClickOn...
2026-05-17 13:22:19 | INFO | altitude_trust_bank | app.main | Msgclickon application 
2026-05-17 13:22:19 | INFO | altitude_trust_bank | Database Connection | Database connection successful.
2026-05-17 13:22:19 | INFO | altitude_trust_bank | app.main | Database connection succesaful.
2026-05-17 13:22:38 | INFO | altitude_trust_bank | app.main | Shutting down MsgClickOn...
2026-05-17 13:22:40 | INFO | altitude_trust_bank | app.main | Msgclickon application 
2026-05-17 13:22:40 | INFO | altitude_trust_bank | Database Connection | Database connection successful.
2026-05-17 13:22:40 | INFO | altitude_trust_bank | app.main | Database connection succesaful.
2026-05-17 13:25:40 | INFO | altitude_trust_bank | app.main | Shutting down MsgClickOn...
2026-05-17 13:25:42 | INFO | altitude_trust_bank | app.main | Msgclickon application 
2026-05-17 13:25:42 | INFO | altitude_trust_bank | Database Connection | Database connection successful.
2026-05-17 13:25:42 | INFO | altitude_trust_bank | app.main | Database connection succesaful.
2026-05-17 13:26:16 | INFO | altitude_trust_bank | app.main | Shutting down MsgClickOn...
2026-05-17 13:26:18 | INFO | altitude_trust_bank | app.main | Msgclickon application 
2026-05-17 13:26:18 | INFO | altitude_trust_bank | Database Connection | Database connection successful.
2026-05-17 13:26:18 | INFO | altitude_trust_bank | app.main | Database connection succesaful.
2026-05-17 13:26:18 | INFO | altitude_trust_bank | app.main | Shutting down MsgClickOn...
2026-05-17 13:26:20 | INFO | altitude_trust_bank | app.main | Msgclickon application 
2026-05-17 13:26:20 | INFO | altitude_trust_bank | Database Connection | Database connection successful.
2026-05-17 13:26:20 | INFO | altitude_trust_bank | app.main | Database connection succesaful.
2026-05-17 13:26:29 | INFO | altitude_trust_bank | app.main | Shutting down MsgClickOn...
2026-05-17 13:26:31 | INFO | altitude_trust_bank | app.main | Msgclickon application 
2026-05-17 13:26:31 | INFO | altitude_trust_bank | Database Connection | Database connection successful.
2026-05-17 13:26:31 | INFO | altitude_trust_bank | app.main | Database connection succesaful.
2026-05-17 13:26:34 | INFO | altitude_trust_bank | app.main | Shutting down MsgClickOn...
2026-05-17 13:26:36 | INFO | altitude_trust_bank | app.main | Msgclickon application 
2026-05-17 13:26:36 | INFO | altitude_trust_bank | Database Connection | Database connection successful.
2026-05-17 13:26:36 | INFO | altitude_trust_bank | app.main | Database connection succesaful.
2026-05-17 13:26:41 | INFO | altitude_trust_bank | app.main | Shutting down MsgClickOn...
2026-05-17 13:26:43 | INFO | altitude_trust_bank | app.main | Msgclickon application 
2026-05-17 13:26:43 | INFO | altitude_trust_bank | Database Connection | Database connection successful.
2026-05-17 13:26:43 | INFO | altitude_trust_bank | app.main | Database connection succesaful.
2026-05-17 13:27:14 | INFO | altitude_trust_bank | app.main | Shutting down MsgClickOn...
2026-05-17 13:27:15 | INFO | altitude_trust_bank | app.main | Msgclickon application 
2026-05-17 13:27:16 | INFO | altitude_trust_bank | Database Connection | Database connection successful.
2026-05-17 13:27:16 | INFO | altitude_trust_bank | app.main | Database connection succesaful.
2026-05-17 13:27:27 | INFO | altitude_trust_bank | app.main | Shutting down MsgClickOn...
2026-05-17 13:27:29 | INFO | altitude_trust_bank | app.main | Msgclickon application 
2026-05-17 13:27:29 | INFO | altitude_trust_bank | Database Connection | Database connection successful.
2026-05-17 13:27:29 | INFO | altitude_trust_bank | app.main | Database connection succesaful.
2026-05-17 13:27:29 | INFO | altitude_trust_bank | app.main | Shutting down MsgClickOn...
2026-05-17 13:27:31 | INFO | altitude_trust_bank | app.main | Msgclickon application 
2026-05-17 13:27:31 | INFO | altitude_trust_bank | Database Connection | Database connection successful.
2026-05-17 13:27:31 | INFO | altitude_trust_bank | app.main | Database connection succesaful.
2026-05-17 13:27:55 | INFO | altitude_trust_bank | app.main | Shutting down MsgClickOn...
2026-05-17 13:27:57 | INFO | altitude_trust_bank | app.main | Msgclickon application 
2026-05-17 13:27:57 | INFO | altitude_trust_bank | Database Connection | Database connection successful.
2026-05-17 13:27:57 | INFO | altitude_trust_bank | app.main | Database connection succesaful.
2026-05-17 13:29:10 | INFO | altitude_trust_bank | app.main | Shutting down MsgClickOn...
2026-05-17 13:29:12 | INFO | altitude_trust_bank | app.main | Msgclickon application 
2026-05-17 13:29:12 | INFO | altitude_trust_bank | Database Connection | Database connection successful.
2026-05-17 13:29:12 | INFO | altitude_trust_bank | app.main | Database connection succesaful.
2026-05-17 13:29:14 | INFO | altitude_trust_bank | app.main | Shutting down MsgClickOn...
2026-05-17 13:29:16 | INFO | altitude_trust_bank | app.main | Msgclickon application 
2026-05-17 13:29:16 | INFO | altitude_trust_bank | Database Connection | Database connection successful.
2026-05-17 13:29:16 | INFO | altitude_trust_bank | app.main | Database connection succesaful.
2026-05-17 13:29:16 | INFO | altitude_trust_bank | app.main | Shutting down MsgClickOn...
2026-05-17 13:29:18 | INFO | altitude_trust_bank | app.main | Msgclickon application 
2026-05-17 13:29:18 | INFO | altitude_trust_bank | Database Connection | Database connection successful.
2026-05-17 13:29:18 | INFO | altitude_trust_bank | app.main | Database connection succesaful.
2026-05-17 13:29:51 | INFO | altitude_trust_bank | app.main | Shutting down MsgClickOn...
2026-05-17 13:29:52 | INFO | altitude_trust_bank | app.main | Msgclickon application 
2026-05-17 13:29:52 | INFO | altitude_trust_bank | Database Connection | Database connection successful.
2026-05-17 13:29:52 | INFO | altitude_trust_bank | app.main | Database connection succesaful.
2026-05-17 13:29:53 | INFO | altitude_trust_bank | app.main | Shutting down MsgClickOn...
2026-05-17 13:29:54 | INFO | altitude_trust_bank | app.main | Msgclickon application 
2026-05-17 13:29:54 | INFO | altitude_trust_bank | Database Connection | Database connection successful.
2026-05-17 13:29:54 | INFO | altitude_trust_bank | app.main | Database connection succesaful.
2026-05-17 13:30:04 | INFO | altitude_trust_bank | app.main | Shutting down MsgClickOn...
2026-05-17 13:30:06 | INFO | altitude_trust_bank | app.main | Msgclickon application 
2026-05-17 13:30:06 | INFO | altitude_trust_bank | Database Connection | Database connection successful.
2026-05-17 13:30:06 | INFO | altitude_trust_bank | app.main | Database connection succesaful.
2026-05-17 13:30:07 | INFO | altitude_trust_bank | app.main | Shutting down MsgClickOn...
2026-05-17 13:30:08 | INFO | altitude_trust_bank | app.main | Msgclickon application 
2026-05-17 13:30:08 | INFO | altitude_trust_bank | Database Connection | Database connection successful.
2026-05-17 13:30:08 | INFO | altitude_trust_bank | app.main | Database connection succesaful.
2026-05-17 13:30:12 | INFO | altitude_trust_bank | app.main | Shutting down MsgClickOn...
2026-05-17 13:30:14 | INFO | altitude_trust_bank | app.main | Msgclickon application 
2026-05-17 13:30:14 | INFO | altitude_trust_bank | Database Connection | Database connection successful.
2026-05-17 13:30:14 | INFO | altitude_trust_bank | app.main | Database connection succesaful.
2026-05-17 13:30:17 | INFO | altitude_trust_bank | app.main | Shutting down MsgClickOn...
2026-05-17 13:30:18 | INFO | altitude_trust_bank | app.main | Msgclickon application 
2026-05-17 13:30:18 | INFO | altitude_trust_bank | Database Connection | Database connection successful.
2026-05-17 13:30:18 | INFO | altitude_trust_bank | app.main | Database connection succesaful.
2026-05-17 13:30:21 | INFO | altitude_trust_bank | app.main | Shutting down MsgClickOn...
2026-05-17 13:30:23 | INFO | altitude_trust_bank | app.main | Msgclickon application 
2026-05-17 13:30:23 | INFO | altitude_trust_bank | Database Connection | Database connection successful.
2026-05-17 13:30:23 | INFO | altitude_trust_bank | app.main | Database connection succesaful.
2026-05-17 13:30:24 | INFO | altitude_trust_bank | app.main | Shutting down MsgClickOn...
2026-05-17 13:30:26 | INFO | altitude_trust_bank | app.main | Msgclickon application 
2026-05-17 13:30:26 | INFO | altitude_trust_bank | Database Connection | Database connection successful.
2026-05-17 13:30:26 | INFO | altitude_trust_bank | app.main | Database connection succesaful.
2026-05-17 18:59:14 | INFO | altitude_trust_bank | app.main | Msgclickon application 
2026-05-17 18:59:14 | INFO | altitude_trust_bank | Database Connection | Database connection successful.
2026-05-17 18:59:14 | INFO | altitude_trust_bank | app.main | Database connection succesaful.
2026-05-17 19:04:25 | INFO | altitude_trust_bank | app.main | Shutting down MsgClickOn...
2026-05-17 19:04:27 | INFO | altitude_trust_bank | app.main | Msgclickon application 
2026-05-17 19:04:27 | INFO | altitude_trust_bank | Database Connection | Database connection successful.
2026-05-17 19:04:27 | INFO | altitude_trust_bank | app.main | Database connection succesaful.
2026-05-17 19:04:38 | INFO | altitude_trust_bank | app.main | Shutting down MsgClickOn...
2026-05-17 19:04:40 | INFO | altitude_trust_bank | app.main | Msgclickon application 
2026-05-17 19:04:41 | INFO | altitude_trust_bank | Database Connection | Database connection successful.
2026-05-17 19:04:41 | INFO | altitude_trust_bank | app.main | Database connection succesaful.
2026-05-17 19:04:42 | INFO | altitude_trust_bank | app.main | Shutting down MsgClickOn...
2026-05-17 19:04:44 | INFO | altitude_trust_bank | app.main | Msgclickon application 
2026-05-17 19:04:44 | INFO | altitude_trust_bank | Database Connection | Database connection successful.
2026-05-17 19:04:44 | INFO | altitude_trust_bank | app.main | Database connection succesaful.
2026-05-17 19:04:44 | INFO | altitude_trust_bank | app.main | Shutting down MsgClickOn...
2026-05-17 19:04:46 | INFO | altitude_trust_bank | app.main | Msgclickon application 
2026-05-17 19:04:46 | INFO | altitude_trust_bank | Database Connection | Database connection successful.
2026-05-17 19:04:46 | INFO | altitude_trust_bank | app.main | Database connection succesaful.
2026-05-17 19:04:49 | INFO | altitude_trust_bank | app.main | Shutting down MsgClickOn...
2026-05-17 19:04:51 | INFO | altitude_trust_bank | app.main | Msgclickon application 
2026-05-17 19:04:51 | INFO | altitude_trust_bank | Database Connection | Database connection successful.
2026-05-17 19:04:51 | INFO | altitude_trust_bank | app.main | Database connection succesaful.
2026-05-17 19:04:52 | INFO | altitude_trust_bank | app.main | Shutting down MsgClickOn...
2026-05-17 19:04:54 | INFO | altitude_trust_bank | app.main | Msgclickon application 
2026-05-17 19:04:54 | INFO | altitude_trust_bank | Database Connection | Database connection successful.
2026-05-17 19:04:54 | INFO | altitude_trust_bank | app.main | Database connection succesaful.
2026-05-17 19:04:54 | INFO | altitude_trust_bank | app.main | Shutting down MsgClickOn...
2026-05-17 19:04:55 | INFO | altitude_trust_bank | app.main | Msgclickon application 
2026-05-17 19:04:56 | INFO | altitude_trust_bank | Database Connection | Database connection successful.
2026-05-17 19:04:56 | INFO | altitude_trust_bank | app.main | Database connection succesaful.
2026-05-17 19:04:59 | INFO | altitude_trust_bank | app.main | Shutting down MsgClickOn...
2026-05-17 19:05:01 | INFO | altitude_trust_bank | app.main | Msgclickon application 
2026-05-17 19:05:01 | INFO | altitude_trust_bank | Database Connection | Database connection successful.
2026-05-17 19:05:01 | INFO | altitude_trust_bank | app.main | Database connection succesaful.
2026-05-17 19:05:01 | INFO | altitude_trust_bank | app.main | Shutting down MsgClickOn...
2026-05-17 19:05:03 | INFO | altitude_trust_bank | app.main | Msgclickon application 
2026-05-17 19:05:03 | INFO | altitude_trust_bank | Database Connection | Database connection successful.
2026-05-17 19:05:03 | INFO | altitude_trust_bank | app.main | Database connection succesaful.
2026-05-17 19:05:03 | INFO | altitude_trust_bank | app.main | Shutting down MsgClickOn...
2026-05-17 19:05:05 | INFO | altitude_trust_bank | app.main | Msgclickon application 
2026-05-17 19:05:05 | INFO | altitude_trust_bank | Database Connection | Database connection successful.
2026-05-17 19:05:05 | INFO | altitude_trust_bank | app.main | Database connection succesaful.
2026-05-17 19:05:07 | INFO | altitude_trust_bank | app.main | Shutting down MsgClickOn...
2026-05-17 19:05:08 | INFO | altitude_trust_bank | app.main | Msgclickon application 
2026-05-17 19:05:08 | INFO | altitude_trust_bank | Database Connection | Database connection successful.
2026-05-17 19:05:08 | INFO | altitude_trust_bank | app.main | Database connection succesaful.
2026-05-17 19:05:09 | INFO | altitude_trust_bank | app.main | Shutting down MsgClickOn...
2026-05-17 19:05:10 | INFO | altitude_trust_bank | app.main | Msgclickon application 
2026-05-17 19:05:10 | INFO | altitude_trust_bank | Database Connection | Database connection successful.
2026-05-17 19:05:10 | INFO | altitude_trust_bank | app.main | Database connection succesaful.
2026-05-17 19:05:35 | INFO | altitude_trust_bank | app.main | Shutting down MsgClickOn...
2026-05-17 19:05:37 | INFO | altitude_trust_bank | app.main | Msgclickon application 
2026-05-17 19:05:38 | INFO | altitude_trust_bank | Database Connection | Database connection successful.
2026-05-17 19:05:38 | INFO | altitude_trust_bank | app.main | Database connection succesaful.
2026-05-17 19:05:38 | INFO | altitude_trust_bank | app.main | Shutting down MsgClickOn...
2026-05-17 19:05:40 | INFO | altitude_trust_bank | app.main | Msgclickon application 
2026-05-17 19:05:40 | INFO | altitude_trust_bank | Database Connection | Database connection successful.
2026-05-17 19:05:40 | INFO | altitude_trust_bank | app.main | Database connection succesaful.
2026-05-17 19:05:40 | INFO | altitude_trust_bank | app.main | Shutting down MsgClickOn...
2026-05-17 19:05:42 | INFO | altitude_trust_bank | app.main | Msgclickon application 
2026-05-17 19:05:42 | INFO | altitude_trust_bank | Database Connection | Database connection successful.
2026-05-17 19:05:42 | INFO | altitude_trust_bank | app.main | Database connection succesaful.
2026-05-17 19:05:42 | INFO | altitude_trust_bank | app.main | Shutting down MsgClickOn...
2026-05-17 19:05:44 | INFO | altitude_trust_bank | app.main | Msgclickon application 
2026-05-17 19:05:44 | INFO | altitude_trust_bank | Database Connection | Database connection successful.
2026-05-17 19:05:44 | INFO | altitude_trust_bank | app.main | Database connection succesaful.
2026-05-17 19:05:48 | INFO | altitude_trust_bank | app.main | Shutting down MsgClickOn...
2026-05-17 19:05:49 | INFO | altitude_trust_bank | app.main | Msgclickon application 
2026-05-17 19:05:49 | INFO | altitude_trust_bank | Database Connection | Database connection successful.
2026-05-17 19:05:49 | INFO | altitude_trust_bank | app.main | Database connection succesaful.
2026-05-17 19:05:49 | INFO | altitude_trust_bank | app.main | Shutting down MsgClickOn...
2026-05-17 19:05:51 | INFO | altitude_trust_bank | app.main | Msgclickon application 
2026-05-17 19:05:51 | INFO | altitude_trust_bank | Database Connection | Database connection successful.
2026-05-17 19:05:51 | INFO | altitude_trust_bank | app.main | Database connection succesaful.
2026-05-17 19:05:53 | INFO | altitude_trust_bank | app.main | Shutting down MsgClickOn...
2026-05-17 19:05:55 | INFO | altitude_trust_bank | app.main | Msgclickon application 
2026-05-17 19:05:55 | INFO | altitude_trust_bank | Database Connection | Database connection successful.
2026-05-17 19:05:55 | INFO | altitude_trust_bank | app.main | Database connection succesaful.
2026-05-17 19:05:55 | INFO | altitude_trust_bank | app.main | Shutting down MsgClickOn...
2026-05-17 19:05:56 | INFO | altitude_trust_bank | app.main | Msgclickon application 
2026-05-17 19:05:56 | INFO | altitude_trust_bank | Database Connection | Database connection successful.
2026-05-17 19:05:56 | INFO | altitude_trust_bank | app.main | Database connection succesaful.
2026-05-17 19:05:58 | INFO | altitude_trust_bank | app.main | Shutting down MsgClickOn...
2026-05-17 19:06:00 | INFO | altitude_trust_bank | app.main | Msgclickon application 
2026-05-17 19:06:00 | INFO | altitude_trust_bank | Database Connection | Database connection successful.
2026-05-17 19:06:00 | INFO | altitude_trust_bank | app.main | Database connection succesaful.
2026-05-17 19:06:01 | INFO | altitude_trust_bank | app.main | Shutting down MsgClickOn...
2026-05-17 19:06:03 | INFO | altitude_trust_bank | app.main | Msgclickon application 
2026-05-17 19:06:03 | INFO | altitude_trust_bank | Database Connection | Database connection successful.
2026-05-17 19:06:03 | INFO | altitude_trust_bank | app.main | Database connection succesaful.
2026-05-17 19:06:03 | INFO | altitude_trust_bank | app.main | Shutting down MsgClickOn...
2026-05-17 19:06:05 | INFO | altitude_trust_bank | app.main | Msgclickon application 
2026-05-17 19:06:05 | INFO | altitude_trust_bank | Database Connection | Database connection successful.
2026-05-17 19:06:05 | INFO | altitude_trust_bank | app.main | Database connection succesaful.
2026-05-17 19:06:07 | INFO | altitude_trust_bank | app.main | Shutting down MsgClickOn...
2026-05-17 19:06:08 | INFO | altitude_trust_bank | app.main | Msgclickon application 
2026-05-17 19:06:08 | INFO | altitude_trust_bank | Database Connection | Database connection successful.
2026-05-17 19:06:08 | INFO | altitude_trust_bank | app.main | Database connection succesaful.
2026-05-17 19:06:09 | INFO | altitude_trust_bank | app.main | Shutting down MsgClickOn...
2026-05-17 19:06:11 | INFO | altitude_trust_bank | app.main | Msgclickon application 
2026-05-17 19:06:11 | INFO | altitude_trust_bank | Database Connection | Database connection successful.
2026-05-17 19:06:11 | INFO | altitude_trust_bank | app.main | Database connection succesaful.
2026-05-17 19:06:12 | INFO | altitude_trust_bank | app.main | Shutting down MsgClickOn...
2026-05-17 19:06:13 | INFO | altitude_trust_bank | app.main | Msgclickon application 
2026-05-17 19:06:13 | INFO | altitude_trust_bank | Database Connection | Database connection successful.
2026-05-17 19:06:13 | INFO | altitude_trust_bank | app.main | Database connection succesaful.
2026-05-17 19:06:19 | INFO | altitude_trust_bank | app.main | Shutting down MsgClickOn...
2026-05-17 19:06:20 | INFO | altitude_trust_bank | app.main | Msgclickon application 
2026-05-17 19:06:20 | INFO | altitude_trust_bank | Database Connection | Database connection successful.
2026-05-17 19:06:20 | INFO | altitude_trust_bank | app.main | Database connection succesaful.
2026-05-17 19:06:21 | INFO | altitude_trust_bank | app.main | Shutting down MsgClickOn...
2026-05-17 19:06:22 | INFO | altitude_trust_bank | app.main | Msgclickon application 
2026-05-17 19:06:22 | INFO | altitude_trust_bank | Database Connection | Database connection successful.
2026-05-17 19:06:22 | INFO | altitude_trust_bank | app.main | Database connection succesaful.
2026-05-17 19:06:23 | INFO | altitude_trust_bank | app.main | Shutting down MsgClickOn...
2026-05-17 19:06:24 | INFO | altitude_trust_bank | app.main | Msgclickon application 
2026-05-17 19:06:24 | INFO | altitude_trust_bank | Database Connection | Database connection successful.
2026-05-17 19:06:24 | INFO | altitude_trust_bank | app.main | Database connection succesaful.
2026-05-17 19:06:25 | INFO | altitude_trust_bank | app.main | Shutting down MsgClickOn...
2026-05-17 19:06:27 | INFO | altitude_trust_bank | app.main | Msgclickon application 
2026-05-17 19:06:27 | INFO | altitude_trust_bank | Database Connection | Database connection successful.
2026-05-17 19:06:27 | INFO | altitude_trust_bank | app.main | Database connection succesaful.
2026-05-17 19:06:27 | INFO | altitude_trust_bank | app.main | Shutting down MsgClickOn...
2026-05-17 19:06:29 | INFO | altitude_trust_bank | app.main | Msgclickon application 
2026-05-17 19:06:29 | INFO | altitude_trust_bank | Database Connection | Database connection successful.
2026-05-17 19:06:29 | INFO | altitude_trust_bank | app.main | Database connection succesaful.
2026-05-17 19:06:36 | INFO | altitude_trust_bank | app.main | Shutting down MsgClickOn...
2026-05-17 19:06:38 | INFO | altitude_trust_bank | app.main | Msgclickon application 
2026-05-17 19:06:38 | INFO | altitude_trust_bank | Database Connection | Database connection successful.
2026-05-17 19:06:38 | INFO | altitude_trust_bank | app.main | Database connection succesaful.
2026-05-17 19:06:38 | INFO | altitude_trust_bank | app.main | Shutting down MsgClickOn...
2026-05-17 19:06:40 | INFO | altitude_trust_bank | app.main | Msgclickon application 
2026-05-17 19:06:40 | INFO | altitude_trust_bank | Database Connection | Database connection successful.
2026-05-17 19:06:40 | INFO | altitude_trust_bank | app.main | Database connection succesaful.
2026-05-17 19:06:40 | INFO | altitude_trust_bank | app.main | Shutting down MsgClickOn...
2026-05-17 19:06:42 | INFO | altitude_trust_bank | app.main | Msgclickon application 
2026-05-17 19:06:42 | INFO | altitude_trust_bank | Database Connection | Database connection successful.
2026-05-17 19:06:42 | INFO | altitude_trust_bank | app.main | Database connection succesaful.
2026-05-17 19:06:42 | INFO | altitude_trust_bank | app.main | Shutting down MsgClickOn...
2026-05-17 19:06:44 | INFO | altitude_trust_bank | app.main | Msgclickon application 
2026-05-17 19:06:44 | INFO | altitude_trust_bank | Database Connection | Database connection successful.
2026-05-17 19:06:44 | INFO | altitude_trust_bank | app.main | Database connection succesaful.
2026-05-17 19:06:44 | INFO | altitude_trust_bank | app.main | Shutting down MsgClickOn...
2026-05-17 19:06:46 | INFO | altitude_trust_bank | app.main | Msgclickon application 
2026-05-17 19:06:46 | INFO | altitude_trust_bank | Database Connection | Database connection successful.
2026-05-17 19:06:46 | INFO | altitude_trust_bank | app.main | Database connection succesaful.
2026-05-17 19:06:59 | INFO | altitude_trust_bank | app.main | Shutting down MsgClickOn...
2026-05-17 19:07:01 | INFO | altitude_trust_bank | app.main | Msgclickon application 
2026-05-17 19:07:01 | INFO | altitude_trust_bank | Database Connection | Database connection successful.
2026-05-17 19:07:01 | INFO | altitude_trust_bank | app.main | Database connection succesaful.
2026-05-17 19:07:07 | INFO | altitude_trust_bank | app.main | Shutting down MsgClickOn...
2026-05-17 19:07:09 | INFO | altitude_trust_bank | app.main | Msgclickon application 
2026-05-17 19:07:09 | INFO | altitude_trust_bank | Database Connection | Database connection successful.
2026-05-17 19:07:09 | INFO | altitude_trust_bank | app.main | Database connection succesaful.
2026-05-17 19:07:11 | INFO | altitude_trust_bank | app.main | Shutting down MsgClickOn...
2026-05-17 19:07:13 | INFO | altitude_trust_bank | app.main | Msgclickon application 
2026-05-17 19:07:13 | INFO | altitude_trust_bank | Database Connection | Database connection successful.
2026-05-17 19:07:13 | INFO | altitude_trust_bank | app.main | Database connection succesaful.
2026-05-17 19:08:50 | INFO | altitude_trust_bank | app.main | Shutting down MsgClickOn...
2026-05-17 19:08:52 | INFO | altitude_trust_bank | app.main | Msgclickon application 
2026-05-17 19:08:52 | INFO | altitude_trust_bank | Database Connection | Database connection successful.
2026-05-17 19:08:52 | INFO | altitude_trust_bank | app.main | Database connection succesaful.
2026-05-17 19:08:52 | INFO | altitude_trust_bank | app.main | Shutting down MsgClickOn...
2026-05-17 19:08:54 | INFO | altitude_trust_bank | app.main | Msgclickon application 
2026-05-17 19:08:54 | INFO | altitude_trust_bank | Database Connection | Database connection successful.
2026-05-17 19:08:54 | INFO | altitude_trust_bank | app.main | Database connection succesaful.
2026-05-17 19:08:54 | INFO | altitude_trust_bank | app.main | Shutting down MsgClickOn...
2026-05-17 19:08:56 | INFO | altitude_trust_bank | app.main | Msgclickon application 
2026-05-17 19:08:56 | INFO | altitude_trust_bank | Database Connection | Database connection successful.
2026-05-17 19:08:56 | INFO | altitude_trust_bank | app.main | Database connection succesaful.
2026-05-17 19:08:56 | INFO | altitude_trust_bank | app.main | Shutting down MsgClickOn...
2026-05-17 19:08:58 | INFO | altitude_trust_bank | app.main | Msgclickon application 
2026-05-17 19:08:58 | INFO | altitude_trust_bank | Database Connection | Database connection successful.
2026-05-17 19:08:58 | INFO | altitude_trust_bank | app.main | Database connection succesaful.
2026-05-17 19:08:59 | INFO | altitude_trust_bank | app.main | Shutting down MsgClickOn...
2026-05-17 19:09:01 | INFO | altitude_trust_bank | app.main | Msgclickon application 
2026-05-17 19:09:01 | INFO | altitude_trust_bank | Database Connection | Database connection successful.
2026-05-17 19:09:01 | INFO | altitude_trust_bank | app.main | Database connection succesaful.
2026-05-17 19:09:03 | INFO | altitude_trust_bank | app.main | Shutting down MsgClickOn...
2026-05-17 19:09:04 | INFO | altitude_trust_bank | app.main | Msgclickon application 
2026-05-17 19:09:04 | INFO | altitude_trust_bank | Database Connection | Database connection successful.
2026-05-17 19:09:04 | INFO | altitude_trust_bank | app.main | Database connection succesaful.
2026-05-17 19:09:05 | INFO | altitude_trust_bank | app.main | Shutting down MsgClickOn...
2026-05-17 19:09:07 | INFO | altitude_trust_bank | app.main | Msgclickon application 
2026-05-17 19:09:07 | INFO | altitude_trust_bank | Database Connection | Database connection successful.
2026-05-17 19:09:07 | INFO | altitude_trust_bank | app.main | Database connection succesaful.
2026-05-17 19:09:07 | INFO | altitude_trust_bank | app.main | Shutting down MsgClickOn...
2026-05-17 19:09:08 | INFO | altitude_trust_bank | app.main | Msgclickon application 
2026-05-17 19:09:09 | INFO | altitude_trust_bank | Database Connection | Database connection successful.
2026-05-17 19:09:09 | INFO | altitude_trust_bank | app.main | Database connection succesaful.
2026-05-17 19:09:09 | INFO | altitude_trust_bank | app.main | Shutting down MsgClickOn...
2026-05-17 19:09:10 | INFO | altitude_trust_bank | app.main | Msgclickon application 
2026-05-17 19:09:10 | INFO | altitude_trust_bank | Database Connection | Database connection successful.
2026-05-17 19:09:10 | INFO | altitude_trust_bank | app.main | Database connection succesaful.
2026-05-17 19:09:17 | INFO | altitude_trust_bank | app.main | Shutting down MsgClickOn...
2026-05-17 19:09:19 | INFO | altitude_trust_bank | app.main | Msgclickon application 
2026-05-17 19:09:19 | INFO | altitude_trust_bank | Database Connection | Database connection successful.
2026-05-17 19:09:19 | INFO | altitude_trust_bank | app.main | Database connection succesaful.
2026-05-17 19:09:23 | INFO | altitude_trust_bank | app.main | Shutting down MsgClickOn...
2026-05-17 19:09:24 | INFO | altitude_trust_bank | app.main | Msgclickon application 
2026-05-17 19:09:24 | INFO | altitude_trust_bank | Database Connection | Database connection successful.
2026-05-17 19:09:24 | INFO | altitude_trust_bank | app.main | Database connection succesaful.
2026-05-17 19:09:32 | INFO | altitude_trust_bank | app.main | Shutting down MsgClickOn...
2026-05-17 19:09:33 | INFO | altitude_trust_bank | app.main | Msgclickon application 
2026-05-17 19:09:33 | INFO | altitude_trust_bank | Database Connection | Database connection successful.
2026-05-17 19:09:33 | INFO | altitude_trust_bank | app.main | Database connection succesaful.
2026-05-17 19:11:28 | INFO | altitude_trust_bank | app.main | Shutting down MsgClickOn...
2026-05-17 19:11:29 | INFO | altitude_trust_bank | app.main | Msgclickon application 
2026-05-17 19:11:29 | INFO | altitude_trust_bank | Database Connection | Database connection successful.
2026-05-17 19:11:29 | INFO | altitude_trust_bank | app.main | Database connection succesaful.
2026-05-17 19:11:29 | INFO | altitude_trust_bank | app.main | Shutting down MsgClickOn...
2026-05-17 19:11:31 | INFO | altitude_trust_bank | app.main | Msgclickon application 
2026-05-17 19:11:31 | INFO | altitude_trust_bank | Database Connection | Database connection successful.
2026-05-17 19:11:31 | INFO | altitude_trust_bank | app.main | Database connection succesaful.
2026-05-17 19:23:53 | INFO | altitude_trust_bank | app.main | Shutting down MsgClickOn...
2026-05-17 19:23:55 | INFO | altitude_trust_bank | app.main | Msgclickon application 
2026-05-17 19:23:55 | INFO | altitude_trust_bank | Database Connection | Database connection successful.
2026-05-17 19:23:55 | INFO | altitude_trust_bank | app.main | Database connection succesaful.
2026-05-17 19:23:55 | INFO | altitude_trust_bank | app.main | Shutting down MsgClickOn...
2026-05-17 19:23:57 | INFO | altitude_trust_bank | app.main | Msgclickon application 
2026-05-17 19:23:57 | INFO | altitude_trust_bank | Database Connection | Database connection successful.
2026-05-17 19:23:57 | INFO | altitude_trust_bank | app.main | Database connection succesaful.
2026-05-17 19:23:57 | INFO | altitude_trust_bank | app.main | Shutting down MsgClickOn...
2026-05-17 19:23:59 | INFO | altitude_trust_bank | app.main | Msgclickon application 
2026-05-17 19:23:59 | INFO | altitude_trust_bank | Database Connection | Database connection successful.
2026-05-17 19:23:59 | INFO | altitude_trust_bank | app.main | Database connection succesaful.
2026-05-17 19:24:01 | INFO | altitude_trust_bank | app.main | Shutting down MsgClickOn...
2026-05-17 19:24:03 | INFO | altitude_trust_bank | app.main | Msgclickon application 
2026-05-17 19:24:03 | INFO | altitude_trust_bank | Database Connection | Database connection successful.
2026-05-17 19:24:03 | INFO | altitude_trust_bank | app.main | Database connection succesaful.
2026-05-17 19:24:04 | INFO | altitude_trust_bank | app.main | Shutting down MsgClickOn...
2026-05-17 19:24:06 | INFO | altitude_trust_bank | app.main | Msgclickon application 
2026-05-17 19:24:06 | INFO | altitude_trust_bank | Database Connection | Database connection successful.
2026-05-17 19:24:06 | INFO | altitude_trust_bank | app.main | Database connection succesaful.
2026-05-17 19:24:40 | INFO | altitude_trust_bank | app.main | Shutting down MsgClickOn...
2026-05-17 19:24:42 | INFO | altitude_trust_bank | app.main | Msgclickon application 
2026-05-17 19:24:42 | INFO | altitude_trust_bank | Database Connection | Database connection successful.
2026-05-17 19:24:42 | INFO | altitude_trust_bank | app.main | Database connection succesaful.
2026-05-17 19:24:46 | INFO | altitude_trust_bank | app.main | Shutting down MsgClickOn...
2026-05-17 19:24:47 | INFO | altitude_trust_bank | app.main | Msgclickon application 
2026-05-17 19:24:48 | INFO | altitude_trust_bank | Database Connection | Database connection successful.
2026-05-17 19:24:48 | INFO | altitude_trust_bank | app.main | Database connection succesaful.
2026-05-17 19:24:49 | INFO | altitude_trust_bank | app.main | Shutting down MsgClickOn...
2026-05-17 19:24:51 | INFO | altitude_trust_bank | app.main | Msgclickon application 
2026-05-17 19:24:51 | INFO | altitude_trust_bank | Database Connection | Database connection successful.
2026-05-17 19:24:51 | INFO | altitude_trust_bank | app.main | Database connection succesaful.
2026-05-17 19:32:42 | INFO | altitude_trust_bank | app.main | Shutting down MsgClickOn...
2026-05-17 19:32:44 | INFO | altitude_trust_bank | app.main | Msgclickon application 
2026-05-17 19:32:44 | INFO | altitude_trust_bank | Database Connection | Database connection successful.
2026-05-17 19:32:44 | INFO | altitude_trust_bank | app.main | Database connection succesaful.
2026-05-17 19:38:41 | INFO | altitude_trust_bank | app.main | Shutting down MsgClickOn...
2026-05-17 19:38:43 | INFO | altitude_trust_bank | app.main | Msgclickon application 
2026-05-17 19:38:43 | INFO | altitude_trust_bank | Database Connection | Database connection successful.
2026-05-17 19:38:43 | INFO | altitude_trust_bank | app.main | Database connection succesaful.
2026-05-17 19:38:44 | INFO | altitude_trust_bank | app.main | Shutting down MsgClickOn...
2026-05-17 19:38:45 | INFO | altitude_trust_bank | app.main | Msgclickon application 
2026-05-17 19:38:46 | INFO | altitude_trust_bank | Database Connection | Database connection successful.
2026-05-17 19:38:46 | INFO | altitude_trust_bank | app.main | Database connection succesaful.
2026-05-17 19:38:46 | INFO | altitude_trust_bank | app.main | Shutting down MsgClickOn...
2026-05-17 19:38:47 | INFO | altitude_trust_bank | app.main | Msgclickon application 
2026-05-17 19:38:47 | INFO | altitude_trust_bank | Database Connection | Database connection successful.
2026-05-17 19:38:47 | INFO | altitude_trust_bank | app.main | Database connection succesaful.
2026-05-17 19:38:47 | INFO | altitude_trust_bank | app.main | Shutting down MsgClickOn...
2026-05-17 19:38:49 | INFO | altitude_trust_bank | app.main | Msgclickon application 
2026-05-17 19:38:49 | INFO | altitude_trust_bank | Database Connection | Database connection successful.
2026-05-17 19:38:49 | INFO | altitude_trust_bank | app.main | Database connection succesaful.
2026-05-17 19:38:53 | INFO | altitude_trust_bank | app.main | Shutting down MsgClickOn...
2026-05-17 19:38:54 | INFO | altitude_trust_bank | app.main | Msgclickon application 
2026-05-17 19:38:55 | INFO | altitude_trust_bank | Database Connection | Database connection successful.
2026-05-17 19:38:55 | INFO | altitude_trust_bank | app.main | Database connection succesaful.
2026-05-17 19:39:32 | INFO | altitude_trust_bank | app.main | Shutting down MsgClickOn...
2026-05-17 19:39:42 | INFO | altitude_trust_bank | app.main | Msgclickon application 
2026-05-17 19:39:43 | INFO | altitude_trust_bank | Database Connection | Database connection successful.
2026-05-17 19:39:43 | INFO | altitude_trust_bank | app.main | Database connection succesaful.
2026-05-17 19:39:46 | INFO | altitude_trust_bank | app.main | Shutting down MsgClickOn...
2026-05-17 19:39:48 | INFO | altitude_trust_bank | app.main | Msgclickon application 
2026-05-17 19:39:48 | INFO | altitude_trust_bank | Database Connection | Database connection successful.
2026-05-17 19:39:48 | INFO | altitude_trust_bank | app.main | Database connection succesaful.
2026-05-17 19:39:59 | INFO | altitude_trust_bank | app.main | Shutting down MsgClickOn...
2026-05-17 19:40:01 | INFO | altitude_trust_bank | app.main | Msgclickon application 
2026-05-17 19:40:01 | INFO | altitude_trust_bank | Database Connection | Database connection successful.
2026-05-17 19:40:01 | INFO | altitude_trust_bank | app.main | Database connection succesaful.
2026-05-17 19:47:15 | INFO | altitude_trust_bank | app.main | Shutting down MsgClickOn...
2026-05-17 19:47:17 | INFO | altitude_trust_bank | app.main | Msgclickon application 
2026-05-17 19:47:17 | INFO | altitude_trust_bank | Database Connection | Database connection successful.
2026-05-17 19:47:17 | INFO | altitude_trust_bank | app.main | Database connection succesaful.
2026-05-17 19:47:18 | INFO | altitude_trust_bank | app.main | Shutting down MsgClickOn...
2026-05-17 19:47:20 | INFO | altitude_trust_bank | app.main | Msgclickon application 
2026-05-17 19:47:20 | INFO | altitude_trust_bank | Database Connection | Database connection successful.
2026-05-17 19:47:20 | INFO | altitude_trust_bank | app.main | Database connection succesaful.
2026-05-17 19:47:41 | INFO | altitude_trust_bank | app.main | Shutting down MsgClickOn...
2026-05-17 19:47:43 | INFO | altitude_trust_bank | app.main | Msgclickon application 
2026-05-17 19:47:43 | INFO | altitude_trust_bank | Database Connection | Database connection successful.
2026-05-17 19:47:43 | INFO | altitude_trust_bank | app.main | Database connection succesaful.
2026-05-17 19:56:38 | INFO | altitude_trust_bank | app.main | Shutting down MsgClickOn...
2026-05-17 19:56:40 | INFO | altitude_trust_bank | app.main | Msgclickon application 
2026-05-17 19:56:40 | INFO | altitude_trust_bank | Database Connection | Database connection successful.
2026-05-17 19:56:40 | INFO | altitude_trust_bank | app.main | Database connection succesaful.
2026-05-17 19:56:41 | INFO | altitude_trust_bank | app.main | Shutting down MsgClickOn...
2026-05-17 19:56:42 | INFO | altitude_trust_bank | app.main | Msgclickon application 
2026-05-17 19:56:43 | INFO | altitude_trust_bank | Database Connection | Database connection successful.
2026-05-17 19:56:43 | INFO | altitude_trust_bank | app.main | Database connection succesaful.
2026-05-17 20:07:32 | INFO | altitude_trust_bank | app.main | Shutting down MsgClickOn...
2026-05-17 20:08:23 | INFO | altitude_trust_bank | app.main | Msgclickon application 
2026-05-17 20:08:23 | INFO | altitude_trust_bank | Database Connection | Database connection successful.
2026-05-17 20:08:23 | INFO | altitude_trust_bank | app.main | Database connection succesaful.
2026-05-17 20:12:02 | INFO | altitude_trust_bank | app.main | Shutting down MsgClickOn...
2026-05-17 20:12:03 | INFO | altitude_trust_bank | app.main | Msgclickon application 
2026-05-17 20:12:04 | INFO | altitude_trust_bank | Database Connection | Database connection successful.
2026-05-17 20:12:04 | INFO | altitude_trust_bank | app.main | Database connection succesaful.
2026-05-17 20:19:28 | INFO | altitude_trust_bank | app.main | Shutting down MsgClickOn...
2026-05-17 20:19:30 | INFO | altitude_trust_bank | app.main | Msgclickon application 
2026-05-17 20:19:30 | INFO | altitude_trust_bank | Database Connection | Database connection successful.
2026-05-17 20:19:30 | INFO | altitude_trust_bank | app.main | Database connection succesaful.
2026-05-17 20:19:31 | INFO | altitude_trust_bank | app.main | Shutting down MsgClickOn...
2026-05-17 20:19:33 | INFO | altitude_trust_bank | app.main | Msgclickon application 
2026-05-17 20:19:33 | INFO | altitude_trust_bank | Database Connection | Database connection successful.
2026-05-17 20:19:33 | INFO | altitude_trust_bank | app.main | Database connection succesaful.
2026-05-17 20:19:33 | INFO | altitude_trust_bank | app.main | Shutting down MsgClickOn...
2026-05-17 20:19:34 | INFO | altitude_trust_bank | app.main | Msgclickon application 
2026-05-17 20:19:35 | INFO | altitude_trust_bank | Database Connection | Database connection successful.
2026-05-17 20:19:35 | INFO | altitude_trust_bank | app.main | Database connection succesaful.
2026-05-17 20:19:36 | INFO | altitude_trust_bank | app.main | Shutting down MsgClickOn...
2026-05-17 20:19:38 | INFO | altitude_trust_bank | app.main | Msgclickon application 
2026-05-17 20:19:38 | INFO | altitude_trust_bank | Database Connection | Database connection successful.
2026-05-17 20:19:38 | INFO | altitude_trust_bank | app.main | Database connection succesaful.
2026-05-17 20:19:39 | INFO | altitude_trust_bank | app.main | Shutting down MsgClickOn...
2026-05-17 20:19:41 | INFO | altitude_trust_bank | app.main | Msgclickon application 
2026-05-17 20:19:41 | INFO | altitude_trust_bank | Database Connection | Database connection successful.
2026-05-17 20:19:41 | INFO | altitude_trust_bank | app.main | Database connection succesaful.
2026-05-17 20:21:15 | INFO | altitude_trust_bank | app.main | Shutting down MsgClickOn...
2026-05-17 20:23:59 | INFO | altitude_trust_bank | app.main | Msgclickon application 
2026-05-17 20:24:00 | INFO | altitude_trust_bank | Database Connection | Database connection successful.
2026-05-17 20:24:00 | INFO | altitude_trust_bank | app.main | Database connection succesaful.
2026-05-17 20:26:33 | INFO | altitude_trust_bank | app.main | Shutting down MsgClickOn...
2026-05-17 20:26:35 | INFO | altitude_trust_bank | app.main | Msgclickon application 
2026-05-17 20:26:35 | INFO | altitude_trust_bank | Database Connection | Database connection successful.
2026-05-17 20:26:35 | INFO | altitude_trust_bank | app.main | Database connection succesaful.
2026-05-17 20:32:53 | INFO | altitude_trust_bank | app.main | Shutting down MsgClickOn...
2026-05-17 20:32:54 | INFO | altitude_trust_bank | app.main | Msgclickon application 
2026-05-17 20:32:54 | INFO | altitude_trust_bank | Database Connection | Database connection successful.
2026-05-17 20:32:54 | INFO | altitude_trust_bank | app.main | Database connection succesaful.
2026-05-17 20:33:12 | INFO | altitude_trust_bank | app.main | Shutting down MsgClickOn...
2026-05-17 20:33:14 | INFO | altitude_trust_bank | app.main | Msgclickon application 
2026-05-17 20:33:15 | INFO | altitude_trust_bank | Database Connection | Database connection successful.
2026-05-17 20:33:15 | INFO | altitude_trust_bank | app.main | Database connection succesaful.
2026-05-17 20:56:51 | INFO | altitude_trust_bank | app.main | Shutting down MsgClickOn...
2026-05-17 20:56:57 | INFO | altitude_trust_bank | app.main | Msgclickon application 
2026-05-17 20:56:57 | INFO | altitude_trust_bank | Database Connection | Database connection successful.
2026-05-17 20:56:57 | INFO | altitude_trust_bank | app.main | Database connection succesaful.
2026-05-17 20:57:13 | INFO | altitude_trust_bank | app.main | Shutting down MsgClickOn...
2026-05-17 20:57:14 | INFO | altitude_trust_bank | app.main | Msgclickon application 
2026-05-17 20:57:14 | INFO | altitude_trust_bank | Database Connection | Database connection successful.
2026-05-17 20:57:14 | INFO | altitude_trust_bank | app.main | Database connection succesaful.
2026-05-17 20:57:15 | INFO | altitude_trust_bank | app.main | Shutting down MsgClickOn...
2026-05-17 20:57:17 | INFO | altitude_trust_bank | app.main | Msgclickon application 
2026-05-17 20:57:17 | INFO | altitude_trust_bank | Database Connection | Database connection successful.
2026-05-17 20:57:17 | INFO | altitude_trust_bank | app.main | Database connection succesaful.
2026-05-17 20:57:19 | INFO | altitude_trust_bank | app.main | Shutting down MsgClickOn...
2026-05-17 20:57:21 | INFO | altitude_trust_bank | app.main | Msgclickon application 
2026-05-17 20:57:21 | INFO | altitude_trust_bank | Database Connection | Database connection successful.
2026-05-17 20:57:21 | INFO | altitude_trust_bank | app.main | Database connection succesaful.
2026-05-17 20:57:21 | INFO | altitude_trust_bank | app.main | Shutting down MsgClickOn...
2026-05-17 20:57:23 | INFO | altitude_trust_bank | app.main | Msgclickon application 
2026-05-17 20:57:23 | INFO | altitude_trust_bank | Database Connection | Database connection successful.
2026-05-17 20:57:23 | INFO | altitude_trust_bank | app.main | Database connection succesaful.
2026-05-17 20:58:06 | INFO | altitude_trust_bank | app.main | Shutting down MsgClickOn...
2026-05-17 20:58:43 | INFO | altitude_trust_bank | app.main | Msgclickon application 
2026-05-17 20:58:43 | INFO | altitude_trust_bank | Database Connection | Database connection successful.
2026-05-17 20:58:43 | INFO | altitude_trust_bank | app.main | Database connection succesaful.
2026-05-17 20:59:41 | INFO | altitude_trust_bank | app.main | Shutting down MsgClickOn...
2026-05-17 20:59:49 | INFO | altitude_trust_bank | app.main | Msgclickon application 
2026-05-17 20:59:49 | INFO | altitude_trust_bank | Database Connection | Database connection successful.
2026-05-17 20:59:49 | INFO | altitude_trust_bank | app.main | Database connection succesaful.
2026-05-17 23:38:24 | INFO | altitude_trust_bank | app.main | Shutting down MsgClickOn...
2026-05-17 23:38:27 | INFO | altitude_trust_bank | app.main | Msgclickon application 
2026-05-17 23:38:27 | INFO | altitude_trust_bank | Database Connection | Database connection successful.
2026-05-17 23:38:27 | INFO | altitude_trust_bank | app.main | Database connection succesaful.
