2026-04-26 14:15:58 | INFO | altitude_trust_bank | app.main | Msgclickon application 
2026-04-26 14:15:58 | INFO | altitude_trust_bank | Database Connection | Database connection successful.
2026-04-26 14:15:58 | INFO | altitude_trust_bank | app.main | Database connection succesaful.
2026-04-26 14:22:18 | INFO | altitude_trust_bank | app.main | Shutting down MsgClickOn...
2026-04-26 14:27:10 | INFO | altitude_trust_bank | app.main | Msgclickon application 
2026-04-26 14:27:11 | INFO | altitude_trust_bank | Database Connection | Database connection successful.
2026-04-26 14:27:11 | INFO | altitude_trust_bank | app.main | Database connection succesaful.
2026-04-26 14:27:14 | INFO | altitude_trust_bank | app.main | Shutting down MsgClickOn...
2026-04-26 14:27:21 | INFO | altitude_trust_bank | app.main | Msgclickon application 
2026-04-26 14:27:21 | INFO | altitude_trust_bank | Database Connection | Database connection successful.
2026-04-26 14:27:21 | INFO | altitude_trust_bank | app.main | Database connection succesaful.
2026-04-26 14:28:47 | INFO | altitude_trust_bank | app.main | Shutting down MsgClickOn...
2026-04-26 14:28:49 | INFO | altitude_trust_bank | app.main | Msgclickon application 
2026-04-26 14:28:49 | INFO | altitude_trust_bank | Database Connection | Database connection successful.
2026-04-26 14:28:49 | INFO | altitude_trust_bank | app.main | Database connection succesaful.
2026-04-26 14:28:49 | INFO | altitude_trust_bank | app.main | Shutting down MsgClickOn...
2026-04-26 14:28:51 | INFO | altitude_trust_bank | app.main | Msgclickon application 
2026-04-26 14:28:51 | INFO | altitude_trust_bank | Database Connection | Database connection successful.
2026-04-26 14:28:51 | INFO | altitude_trust_bank | app.main | Database connection succesaful.
2026-04-26 14:28:51 | INFO | altitude_trust_bank | app.main | Shutting down MsgClickOn...
2026-04-26 14:28:52 | INFO | altitude_trust_bank | app.main | Msgclickon application 
2026-04-26 14:28:52 | INFO | altitude_trust_bank | Database Connection | Database connection successful.
2026-04-26 14:28:52 | INFO | altitude_trust_bank | app.main | Database connection succesaful.
2026-04-26 14:28:53 | INFO | altitude_trust_bank | app.main | Shutting down MsgClickOn...
2026-04-26 14:28:54 | INFO | altitude_trust_bank | app.main | Msgclickon application 
2026-04-26 14:28:54 | INFO | altitude_trust_bank | Database Connection | Database connection successful.
2026-04-26 14:28:54 | INFO | altitude_trust_bank | app.main | Database connection succesaful.
2026-04-26 14:28:56 | INFO | altitude_trust_bank | app.main | Shutting down MsgClickOn...
2026-04-26 14:28:58 | INFO | altitude_trust_bank | app.main | Msgclickon application 
2026-04-26 14:28:58 | INFO | altitude_trust_bank | Database Connection | Database connection successful.
2026-04-26 14:28:58 | INFO | altitude_trust_bank | app.main | Database connection succesaful.
2026-04-26 15:40:37 | INFO | altitude_trust_bank | app.main | Shutting down MsgClickOn...
2026-04-26 15:40:42 | INFO | altitude_trust_bank | app.main | Msgclickon application 
2026-04-26 15:40:42 | INFO | altitude_trust_bank | Database Connection | Database connection successful.
2026-04-26 15:40:42 | INFO | altitude_trust_bank | app.main | Database connection succesaful.
2026-04-26 15:40:44 | INFO | altitude_trust_bank | app.main | Shutting down MsgClickOn...
2026-04-26 15:40:45 | INFO | altitude_trust_bank | app.main | Msgclickon application 
2026-04-26 15:40:45 | INFO | altitude_trust_bank | Database Connection | Database connection successful.
2026-04-26 15:40:45 | INFO | altitude_trust_bank | app.main | Database connection succesaful.
2026-04-26 15:40:45 | INFO | altitude_trust_bank | app.main | Shutting down MsgClickOn...
2026-04-26 15:40:47 | INFO | altitude_trust_bank | app.main | Msgclickon application 
2026-04-26 15:40:47 | INFO | altitude_trust_bank | Database Connection | Database connection successful.
2026-04-26 15:40:47 | INFO | altitude_trust_bank | app.main | Database connection succesaful.
2026-04-26 15:40:47 | INFO | altitude_trust_bank | app.main | Shutting down MsgClickOn...
2026-04-26 15:40:49 | INFO | altitude_trust_bank | app.main | Msgclickon application 
2026-04-26 15:40:49 | INFO | altitude_trust_bank | Database Connection | Database connection successful.
2026-04-26 15:40:49 | INFO | altitude_trust_bank | app.main | Database connection succesaful.
2026-04-26 15:40:49 | INFO | altitude_trust_bank | app.main | Shutting down MsgClickOn...
2026-04-26 15:40:51 | INFO | altitude_trust_bank | app.main | Msgclickon application 
2026-04-26 15:40:51 | INFO | altitude_trust_bank | Database Connection | Database connection successful.
2026-04-26 15:40:51 | INFO | altitude_trust_bank | app.main | Database connection succesaful.
2026-04-26 15:40:53 | INFO | altitude_trust_bank | app.main | Shutting down MsgClickOn...
2026-04-26 15:40:54 | INFO | altitude_trust_bank | app.main | Msgclickon application 
2026-04-26 15:40:55 | INFO | altitude_trust_bank | Database Connection | Database connection successful.
2026-04-26 15:40:55 | INFO | altitude_trust_bank | app.main | Database connection succesaful.
2026-04-26 15:41:42 | INFO | altitude_trust_bank | app.main | Shutting down MsgClickOn...
2026-04-26 15:41:47 | INFO | altitude_trust_bank | app.main | Msgclickon application 
2026-04-26 15:41:47 | INFO | altitude_trust_bank | Database Connection | Database connection successful.
2026-04-26 15:41:47 | INFO | altitude_trust_bank | app.main | Database connection succesaful.
2026-04-26 15:46:04 | INFO | altitude_trust_bank | app.main | Shutting down MsgClickOn...
2026-04-26 15:46:06 | INFO | altitude_trust_bank | app.main | Msgclickon application 
2026-04-26 15:46:06 | INFO | altitude_trust_bank | Database Connection | Database connection successful.
2026-04-26 15:46:06 | INFO | altitude_trust_bank | app.main | Database connection succesaful.
2026-04-26 16:08:05 | INFO | altitude_trust_bank | app.main | Shutting down MsgClickOn...
2026-04-26 16:08:11 | INFO | altitude_trust_bank | app.main | Msgclickon application 
2026-04-26 16:08:11 | INFO | altitude_trust_bank | Database Connection | Database connection successful.
2026-04-26 16:08:11 | INFO | altitude_trust_bank | app.main | Database connection succesaful.
2026-04-26 16:09:49 | INFO | altitude_trust_bank | app.main | Shutting down MsgClickOn...
2026-04-26 16:09:51 | INFO | altitude_trust_bank | app.main | Msgclickon application 
2026-04-26 16:09:51 | INFO | altitude_trust_bank | Database Connection | Database connection successful.
2026-04-26 16:09:51 | INFO | altitude_trust_bank | app.main | Database connection succesaful.
2026-04-26 16:10:06 | INFO | altitude_trust_bank | app.main | Shutting down MsgClickOn...
2026-04-26 16:10:07 | INFO | altitude_trust_bank | app.main | Msgclickon application 
2026-04-26 16:10:07 | INFO | altitude_trust_bank | Database Connection | Database connection successful.
2026-04-26 16:10:07 | INFO | altitude_trust_bank | app.main | Database connection succesaful.
2026-04-26 16:13:53 | INFO | altitude_trust_bank | app.main | Shutting down MsgClickOn...
2026-04-26 16:13:54 | INFO | altitude_trust_bank | app.main | Msgclickon application 
2026-04-26 16:13:55 | INFO | altitude_trust_bank | Database Connection | Database connection successful.
2026-04-26 16:13:55 | INFO | altitude_trust_bank | app.main | Database connection succesaful.
2026-04-26 16:14:20 | INFO | altitude_trust_bank | app.main | Shutting down MsgClickOn...
2026-04-26 16:14:21 | INFO | altitude_trust_bank | app.main | Msgclickon application 
2026-04-26 16:14:21 | INFO | altitude_trust_bank | Database Connection | Database connection successful.
2026-04-26 16:14:21 | INFO | altitude_trust_bank | app.main | Database connection succesaful.
2026-04-26 16:14:23 | INFO | altitude_trust_bank | app.main | Shutting down MsgClickOn...
2026-04-26 16:14:25 | INFO | altitude_trust_bank | app.main | Msgclickon application 
2026-04-26 16:14:25 | INFO | altitude_trust_bank | Database Connection | Database connection successful.
2026-04-26 16:14:25 | INFO | altitude_trust_bank | app.main | Database connection succesaful.
2026-04-26 16:14:29 | INFO | altitude_trust_bank | app.main | Shutting down MsgClickOn...
2026-04-26 16:14:31 | INFO | altitude_trust_bank | app.main | Msgclickon application 
2026-04-26 16:14:31 | INFO | altitude_trust_bank | Database Connection | Database connection successful.
2026-04-26 16:14:31 | INFO | altitude_trust_bank | app.main | Database connection succesaful.
2026-04-26 16:14:32 | INFO | altitude_trust_bank | app.main | Shutting down MsgClickOn...
2026-04-26 16:14:34 | INFO | altitude_trust_bank | app.main | Msgclickon application 
2026-04-26 16:14:34 | INFO | altitude_trust_bank | Database Connection | Database connection successful.
2026-04-26 16:14:34 | INFO | altitude_trust_bank | app.main | Database connection succesaful.
2026-04-26 16:14:34 | INFO | altitude_trust_bank | app.main | Shutting down MsgClickOn...
2026-04-26 16:14:36 | INFO | altitude_trust_bank | app.main | Msgclickon application 
2026-04-26 16:14:36 | INFO | altitude_trust_bank | Database Connection | Database connection successful.
2026-04-26 16:14:36 | INFO | altitude_trust_bank | app.main | Database connection succesaful.
2026-04-26 16:14:38 | INFO | altitude_trust_bank | app.main | Shutting down MsgClickOn...
2026-04-26 16:14:40 | INFO | altitude_trust_bank | app.main | Msgclickon application 
2026-04-26 16:14:40 | INFO | altitude_trust_bank | Database Connection | Database connection successful.
2026-04-26 16:14:40 | INFO | altitude_trust_bank | app.main | Database connection succesaful.
2026-04-26 16:14:42 | INFO | altitude_trust_bank | app.main | Shutting down MsgClickOn...
2026-04-26 16:14:43 | INFO | altitude_trust_bank | app.main | Msgclickon application 
2026-04-26 16:14:43 | INFO | altitude_trust_bank | Database Connection | Database connection successful.
2026-04-26 16:14:43 | INFO | altitude_trust_bank | app.main | Database connection succesaful.
2026-04-26 16:14:44 | INFO | altitude_trust_bank | app.main | Shutting down MsgClickOn...
2026-04-26 16:14:45 | INFO | altitude_trust_bank | app.main | Msgclickon application 
2026-04-26 16:14:45 | INFO | altitude_trust_bank | Database Connection | Database connection successful.
2026-04-26 16:14:45 | INFO | altitude_trust_bank | app.main | Database connection succesaful.
2026-04-26 16:14:45 | INFO | altitude_trust_bank | app.main | Shutting down MsgClickOn...
2026-04-26 16:14:47 | INFO | altitude_trust_bank | app.main | Msgclickon application 
2026-04-26 16:14:47 | INFO | altitude_trust_bank | Database Connection | Database connection successful.
2026-04-26 16:14:47 | INFO | altitude_trust_bank | app.main | Database connection succesaful.
2026-04-26 16:22:59 | INFO | altitude_trust_bank | app.main | Shutting down MsgClickOn...
2026-04-26 16:30:00 | INFO | altitude_trust_bank | app.main | Msgclickon application 
2026-04-26 16:30:00 | INFO | altitude_trust_bank | Database Connection | Database connection successful.
2026-04-26 16:30:00 | INFO | altitude_trust_bank | app.main | Database connection succesaful.
2026-04-26 16:30:00 | INFO | altitude_trust_bank | app.main | Shutting down MsgClickOn...
2026-04-26 16:30:03 | INFO | altitude_trust_bank | app.main | Msgclickon application 
2026-04-26 16:30:04 | INFO | altitude_trust_bank | Database Connection | Database connection successful.
2026-04-26 16:30:04 | INFO | altitude_trust_bank | app.main | Database connection succesaful.
2026-04-26 16:30:32 | INFO | altitude_trust_bank | app.main | Shutting down MsgClickOn...
2026-04-26 16:30:34 | INFO | altitude_trust_bank | app.main | Msgclickon application 
2026-04-26 16:30:34 | INFO | altitude_trust_bank | Database Connection | Database connection successful.
2026-04-26 16:30:34 | INFO | altitude_trust_bank | app.main | Database connection succesaful.
2026-04-26 16:30:34 | INFO | altitude_trust_bank | app.main | Shutting down MsgClickOn...
2026-04-26 16:30:36 | INFO | altitude_trust_bank | app.main | Msgclickon application 
2026-04-26 16:30:36 | INFO | altitude_trust_bank | Database Connection | Database connection successful.
2026-04-26 16:30:36 | INFO | altitude_trust_bank | app.main | Database connection succesaful.
2026-04-26 16:36:24 | INFO | altitude_trust_bank | app.main | Shutting down MsgClickOn...
2026-04-26 16:40:44 | INFO | altitude_trust_bank | app.main | Msgclickon application 
2026-04-26 16:40:44 | INFO | altitude_trust_bank | Database Connection | Database connection successful.
2026-04-26 16:40:44 | INFO | altitude_trust_bank | app.main | Database connection succesaful.
2026-04-26 17:01:35 | INFO | altitude_trust_bank | app.main | Shutting down MsgClickOn...
2026-04-26 17:01:38 | INFO | altitude_trust_bank | app.main | Msgclickon application 
2026-04-26 17:01:38 | INFO | altitude_trust_bank | Database Connection | Database connection successful.
2026-04-26 17:01:38 | INFO | altitude_trust_bank | app.main | Database connection succesaful.
2026-04-26 17:01:58 | INFO | altitude_trust_bank | app.main | Shutting down MsgClickOn...
2026-04-26 17:02:08 | INFO | altitude_trust_bank | app.main | Msgclickon application 
2026-04-26 17:02:08 | INFO | altitude_trust_bank | Database Connection | Database connection successful.
2026-04-26 17:02:08 | INFO | altitude_trust_bank | app.main | Database connection succesaful.
2026-04-26 17:02:23 | INFO | altitude_trust_bank | app.main | Shutting down MsgClickOn...
2026-04-26 17:02:26 | INFO | altitude_trust_bank | app.main | Msgclickon application 
2026-04-26 17:02:26 | INFO | altitude_trust_bank | Database Connection | Database connection successful.
2026-04-26 17:02:26 | INFO | altitude_trust_bank | app.main | Database connection succesaful.
2026-04-26 17:43:02 | INFO | altitude_trust_bank | app.main | Shutting down MsgClickOn...
2026-04-26 17:45:19 | INFO | altitude_trust_bank | app.main | Msgclickon application 
2026-04-26 17:45:20 | INFO | altitude_trust_bank | Database Connection | Database connection successful.
2026-04-26 17:45:20 | INFO | altitude_trust_bank | app.main | Database connection succesaful.
2026-04-26 17:46:00 | INFO | altitude_trust_bank | app.main | Shutting down MsgClickOn...
2026-04-26 17:46:03 | INFO | altitude_trust_bank | app.main | Msgclickon application 
2026-04-26 17:46:03 | INFO | altitude_trust_bank | Database Connection | Database connection successful.
2026-04-26 17:46:03 | INFO | altitude_trust_bank | app.main | Database connection succesaful.
2026-04-26 17:46:03 | INFO | altitude_trust_bank | app.main | Shutting down MsgClickOn...
2026-04-26 17:46:07 | INFO | altitude_trust_bank | app.main | Msgclickon application 
2026-04-26 17:46:07 | INFO | altitude_trust_bank | Database Connection | Database connection successful.
2026-04-26 17:46:07 | INFO | altitude_trust_bank | app.main | Database connection succesaful.
2026-04-26 18:59:52 | INFO | altitude_trust_bank | app.main | Shutting down MsgClickOn...
2026-04-26 18:59:55 | INFO | altitude_trust_bank | app.main | Msgclickon application 
2026-04-26 18:59:56 | INFO | altitude_trust_bank | Database Connection | Database connection successful.
2026-04-26 18:59:56 | INFO | altitude_trust_bank | app.main | Database connection succesaful.
2026-04-26 19:01:02 | INFO | altitude_trust_bank | app.main | Shutting down MsgClickOn...
2026-04-26 19:01:04 | INFO | altitude_trust_bank | app.main | Msgclickon application 
2026-04-26 19:01:04 | INFO | altitude_trust_bank | Database Connection | Database connection successful.
2026-04-26 19:01:04 | INFO | altitude_trust_bank | app.main | Database connection succesaful.
2026-04-26 19:01:04 | INFO | altitude_trust_bank | app.main | Shutting down MsgClickOn...
2026-04-26 19:01:07 | INFO | altitude_trust_bank | app.main | Msgclickon application 
2026-04-26 19:01:07 | INFO | altitude_trust_bank | Database Connection | Database connection successful.
2026-04-26 19:01:07 | INFO | altitude_trust_bank | app.main | Database connection succesaful.
2026-04-26 19:01:08 | INFO | altitude_trust_bank | app.main | Shutting down MsgClickOn...
2026-04-26 19:01:11 | INFO | altitude_trust_bank | app.main | Msgclickon application 
2026-04-26 19:01:11 | INFO | altitude_trust_bank | Database Connection | Database connection successful.
2026-04-26 19:01:11 | INFO | altitude_trust_bank | app.main | Database connection succesaful.
2026-04-26 19:01:11 | INFO | altitude_trust_bank | app.main | Shutting down MsgClickOn...
2026-04-26 19:01:14 | INFO | altitude_trust_bank | app.main | Msgclickon application 
2026-04-26 19:01:14 | INFO | altitude_trust_bank | Database Connection | Database connection successful.
2026-04-26 19:01:14 | INFO | altitude_trust_bank | app.main | Database connection succesaful.
2026-04-26 19:01:14 | INFO | altitude_trust_bank | app.main | Shutting down MsgClickOn...
2026-04-26 19:01:17 | INFO | altitude_trust_bank | app.main | Msgclickon application 
2026-04-26 19:01:17 | INFO | altitude_trust_bank | Database Connection | Database connection successful.
2026-04-26 19:01:17 | INFO | altitude_trust_bank | app.main | Database connection succesaful.
2026-04-26 19:01:17 | INFO | altitude_trust_bank | app.main | Shutting down MsgClickOn...
2026-04-26 19:01:19 | INFO | altitude_trust_bank | app.main | Msgclickon application 
2026-04-26 19:01:19 | INFO | altitude_trust_bank | Database Connection | Database connection successful.
2026-04-26 19:01:19 | INFO | altitude_trust_bank | app.main | Database connection succesaful.
2026-04-26 19:01:19 | INFO | altitude_trust_bank | app.main | Shutting down MsgClickOn...
2026-04-26 19:01:22 | INFO | altitude_trust_bank | app.main | Msgclickon application 
2026-04-26 19:01:22 | INFO | altitude_trust_bank | Database Connection | Database connection successful.
2026-04-26 19:01:22 | INFO | altitude_trust_bank | app.main | Database connection succesaful.
2026-04-26 19:01:22 | INFO | altitude_trust_bank | app.main | Shutting down MsgClickOn...
2026-04-26 19:01:25 | INFO | altitude_trust_bank | app.main | Msgclickon application 
2026-04-26 19:01:25 | INFO | altitude_trust_bank | Database Connection | Database connection successful.
2026-04-26 19:01:25 | INFO | altitude_trust_bank | app.main | Database connection succesaful.
2026-04-26 19:01:25 | INFO | altitude_trust_bank | app.main | Shutting down MsgClickOn...
2026-04-26 19:01:28 | INFO | altitude_trust_bank | app.main | Msgclickon application 
2026-04-26 19:01:28 | INFO | altitude_trust_bank | Database Connection | Database connection successful.
2026-04-26 19:01:28 | INFO | altitude_trust_bank | app.main | Database connection succesaful.
2026-04-26 19:01:29 | INFO | altitude_trust_bank | app.main | Shutting down MsgClickOn...
2026-04-26 19:01:33 | INFO | altitude_trust_bank | app.main | Msgclickon application 
2026-04-26 19:01:34 | INFO | altitude_trust_bank | Database Connection | Database connection successful.
2026-04-26 19:01:34 | INFO | altitude_trust_bank | app.main | Database connection succesaful.
2026-04-26 19:01:46 | INFO | altitude_trust_bank | app.main | Shutting down MsgClickOn...
2026-04-26 19:01:48 | INFO | altitude_trust_bank | app.main | Msgclickon application 
2026-04-26 19:01:49 | INFO | altitude_trust_bank | Database Connection | Database connection successful.
2026-04-26 19:01:49 | INFO | altitude_trust_bank | app.main | Database connection succesaful.
2026-04-26 19:01:55 | INFO | altitude_trust_bank | app.main | Shutting down MsgClickOn...
2026-04-26 19:01:57 | INFO | altitude_trust_bank | app.main | Msgclickon application 
2026-04-26 19:01:57 | INFO | altitude_trust_bank | Database Connection | Database connection successful.
2026-04-26 19:01:57 | INFO | altitude_trust_bank | app.main | Database connection succesaful.
2026-04-26 19:01:57 | INFO | altitude_trust_bank | app.main | Shutting down MsgClickOn...
2026-04-26 19:01:59 | INFO | altitude_trust_bank | app.main | Msgclickon application 
2026-04-26 19:02:00 | INFO | altitude_trust_bank | Database Connection | Database connection successful.
2026-04-26 19:02:00 | INFO | altitude_trust_bank | app.main | Database connection succesaful.
2026-04-26 19:02:19 | INFO | altitude_trust_bank | app.main | Shutting down MsgClickOn...
2026-04-26 19:02:22 | INFO | altitude_trust_bank | app.main | Msgclickon application 
2026-04-26 19:02:22 | INFO | altitude_trust_bank | Database Connection | Database connection successful.
2026-04-26 19:02:22 | INFO | altitude_trust_bank | app.main | Database connection succesaful.
2026-04-26 19:02:22 | INFO | altitude_trust_bank | app.main | Shutting down MsgClickOn...
2026-04-26 19:02:24 | INFO | altitude_trust_bank | app.main | Msgclickon application 
2026-04-26 19:02:25 | INFO | altitude_trust_bank | Database Connection | Database connection successful.
2026-04-26 19:02:25 | INFO | altitude_trust_bank | app.main | Database connection succesaful.
2026-04-26 19:02:25 | INFO | altitude_trust_bank | app.main | Shutting down MsgClickOn...
2026-04-26 19:02:27 | INFO | altitude_trust_bank | app.main | Msgclickon application 
2026-04-26 19:02:27 | INFO | altitude_trust_bank | Database Connection | Database connection successful.
2026-04-26 19:02:27 | INFO | altitude_trust_bank | app.main | Database connection succesaful.
2026-04-26 19:02:27 | INFO | altitude_trust_bank | app.main | Shutting down MsgClickOn...
2026-04-26 19:02:31 | INFO | altitude_trust_bank | app.main | Msgclickon application 
2026-04-26 19:02:31 | INFO | altitude_trust_bank | Database Connection | Database connection successful.
2026-04-26 19:02:31 | INFO | altitude_trust_bank | app.main | Database connection succesaful.
2026-04-26 19:02:31 | INFO | altitude_trust_bank | app.main | Shutting down MsgClickOn...
2026-04-26 19:02:34 | INFO | altitude_trust_bank | app.main | Msgclickon application 
2026-04-26 19:02:35 | INFO | altitude_trust_bank | Database Connection | Database connection successful.
2026-04-26 19:02:35 | INFO | altitude_trust_bank | app.main | Database connection succesaful.
2026-04-26 19:02:35 | INFO | altitude_trust_bank | app.main | Shutting down MsgClickOn...
2026-04-26 19:02:37 | INFO | altitude_trust_bank | app.main | Msgclickon application 
2026-04-26 19:02:38 | INFO | altitude_trust_bank | Database Connection | Database connection successful.
2026-04-26 19:02:38 | INFO | altitude_trust_bank | app.main | Database connection succesaful.
2026-04-26 19:02:38 | INFO | altitude_trust_bank | app.main | Shutting down MsgClickOn...
2026-04-26 19:02:40 | INFO | altitude_trust_bank | app.main | Msgclickon application 
2026-04-26 19:02:41 | INFO | altitude_trust_bank | Database Connection | Database connection successful.
2026-04-26 19:02:41 | INFO | altitude_trust_bank | app.main | Database connection succesaful.
2026-04-26 19:03:22 | INFO | altitude_trust_bank | app.main | Shutting down MsgClickOn...
2026-04-26 19:03:24 | INFO | altitude_trust_bank | app.main | Msgclickon application 
2026-04-26 19:03:25 | INFO | altitude_trust_bank | Database Connection | Database connection successful.
2026-04-26 19:03:25 | INFO | altitude_trust_bank | app.main | Database connection succesaful.
2026-04-26 19:03:27 | INFO | altitude_trust_bank | app.main | Shutting down MsgClickOn...
2026-04-26 19:03:31 | INFO | altitude_trust_bank | app.main | Msgclickon application 
2026-04-26 19:03:31 | INFO | altitude_trust_bank | Database Connection | Database connection successful.
2026-04-26 19:03:31 | INFO | altitude_trust_bank | app.main | Database connection succesaful.
2026-04-26 19:03:31 | INFO | altitude_trust_bank | app.main | Shutting down MsgClickOn...
2026-04-26 19:03:34 | INFO | altitude_trust_bank | app.main | Msgclickon application 
2026-04-26 19:03:34 | INFO | altitude_trust_bank | Database Connection | Database connection successful.
2026-04-26 19:03:34 | INFO | altitude_trust_bank | app.main | Database connection succesaful.
2026-04-26 19:03:34 | INFO | altitude_trust_bank | app.main | Shutting down MsgClickOn...
2026-04-26 19:03:36 | INFO | altitude_trust_bank | app.main | Msgclickon application 
2026-04-26 19:03:37 | INFO | altitude_trust_bank | Database Connection | Database connection successful.
2026-04-26 19:03:37 | INFO | altitude_trust_bank | app.main | Database connection succesaful.
2026-04-26 19:03:43 | INFO | altitude_trust_bank | app.main | Shutting down MsgClickOn...
2026-04-26 19:03:46 | INFO | altitude_trust_bank | app.main | Msgclickon application 
2026-04-26 19:03:46 | INFO | altitude_trust_bank | Database Connection | Database connection successful.
2026-04-26 19:03:46 | INFO | altitude_trust_bank | app.main | Database connection succesaful.
2026-04-26 19:03:46 | INFO | altitude_trust_bank | app.main | Shutting down MsgClickOn...
2026-04-26 19:03:49 | INFO | altitude_trust_bank | app.main | Msgclickon application 
2026-04-26 19:03:49 | INFO | altitude_trust_bank | Database Connection | Database connection successful.
2026-04-26 19:03:49 | INFO | altitude_trust_bank | app.main | Database connection succesaful.
2026-04-26 19:03:49 | INFO | altitude_trust_bank | app.main | Shutting down MsgClickOn...
2026-04-26 19:03:52 | INFO | altitude_trust_bank | app.main | Msgclickon application 
2026-04-26 19:03:52 | INFO | altitude_trust_bank | Database Connection | Database connection successful.
2026-04-26 19:03:52 | INFO | altitude_trust_bank | app.main | Database connection succesaful.
2026-04-26 19:03:52 | INFO | altitude_trust_bank | app.main | Shutting down MsgClickOn...
2026-04-26 19:03:55 | INFO | altitude_trust_bank | app.main | Msgclickon application 
2026-04-26 19:03:55 | INFO | altitude_trust_bank | Database Connection | Database connection successful.
2026-04-26 19:03:55 | INFO | altitude_trust_bank | app.main | Database connection succesaful.
2026-04-26 19:04:05 | INFO | altitude_trust_bank | app.main | Shutting down MsgClickOn...
2026-04-26 19:04:08 | INFO | altitude_trust_bank | app.main | Msgclickon application 
2026-04-26 19:04:08 | INFO | altitude_trust_bank | Database Connection | Database connection successful.
2026-04-26 19:04:08 | INFO | altitude_trust_bank | app.main | Database connection succesaful.
2026-04-26 19:04:13 | INFO | altitude_trust_bank | app.main | Shutting down MsgClickOn...
2026-04-26 19:04:15 | INFO | altitude_trust_bank | app.main | Msgclickon application 
2026-04-26 19:04:15 | INFO | altitude_trust_bank | Database Connection | Database connection successful.
2026-04-26 19:04:15 | INFO | altitude_trust_bank | app.main | Database connection succesaful.
2026-04-26 19:04:19 | INFO | altitude_trust_bank | app.main | Shutting down MsgClickOn...
2026-04-26 19:04:22 | INFO | altitude_trust_bank | app.main | Msgclickon application 
2026-04-26 19:04:22 | INFO | altitude_trust_bank | Database Connection | Database connection successful.
2026-04-26 19:04:22 | INFO | altitude_trust_bank | app.main | Database connection succesaful.
2026-04-26 19:04:45 | INFO | altitude_trust_bank | app.main | Shutting down MsgClickOn...
2026-04-26 19:04:48 | INFO | altitude_trust_bank | app.main | Msgclickon application 
2026-04-26 19:04:48 | INFO | altitude_trust_bank | Database Connection | Database connection successful.
2026-04-26 19:04:48 | INFO | altitude_trust_bank | app.main | Database connection succesaful.
2026-04-26 19:04:49 | INFO | altitude_trust_bank | app.main | Shutting down MsgClickOn...
2026-04-26 19:04:53 | INFO | altitude_trust_bank | app.main | Msgclickon application 
2026-04-26 19:04:53 | INFO | altitude_trust_bank | Database Connection | Database connection successful.
2026-04-26 19:04:53 | INFO | altitude_trust_bank | app.main | Database connection succesaful.
2026-04-26 19:05:01 | INFO | altitude_trust_bank | app.main | Shutting down MsgClickOn...
2026-04-26 19:05:03 | INFO | altitude_trust_bank | app.main | Msgclickon application 
2026-04-26 19:05:03 | INFO | altitude_trust_bank | Database Connection | Database connection successful.
2026-04-26 19:05:03 | INFO | altitude_trust_bank | app.main | Database connection succesaful.
2026-04-26 19:28:51 | INFO | altitude_trust_bank | app.main | Shutting down MsgClickOn...
2026-04-26 19:28:54 | INFO | altitude_trust_bank | app.main | Msgclickon application 
2026-04-26 19:28:55 | INFO | altitude_trust_bank | Database Connection | Database connection successful.
2026-04-26 19:28:55 | INFO | altitude_trust_bank | app.main | Database connection succesaful.
2026-04-26 19:28:55 | INFO | altitude_trust_bank | app.main | Shutting down MsgClickOn...
2026-04-26 19:28:57 | INFO | altitude_trust_bank | app.main | Msgclickon application 
2026-04-26 19:28:58 | INFO | altitude_trust_bank | Database Connection | Database connection successful.
2026-04-26 19:28:58 | INFO | altitude_trust_bank | app.main | Database connection succesaful.
2026-04-26 19:29:02 | INFO | altitude_trust_bank | app.main | Shutting down MsgClickOn...
2026-04-26 19:29:04 | INFO | altitude_trust_bank | app.main | Msgclickon application 
2026-04-26 19:29:05 | INFO | altitude_trust_bank | Database Connection | Database connection successful.
2026-04-26 19:29:05 | INFO | altitude_trust_bank | app.main | Database connection succesaful.
2026-04-26 19:29:08 | INFO | altitude_trust_bank | app.main | Shutting down MsgClickOn...
2026-04-26 19:29:11 | INFO | altitude_trust_bank | app.main | Msgclickon application 
2026-04-26 19:29:11 | INFO | altitude_trust_bank | Database Connection | Database connection successful.
2026-04-26 19:29:11 | INFO | altitude_trust_bank | app.main | Database connection succesaful.
2026-04-26 19:29:11 | INFO | altitude_trust_bank | app.main | Shutting down MsgClickOn...
2026-04-26 19:29:13 | INFO | altitude_trust_bank | app.main | Msgclickon application 
2026-04-26 19:29:13 | INFO | altitude_trust_bank | Database Connection | Database connection successful.
2026-04-26 19:29:13 | INFO | altitude_trust_bank | app.main | Database connection succesaful.
2026-04-26 19:29:26 | INFO | altitude_trust_bank | app.main | Shutting down MsgClickOn...
2026-04-26 19:29:31 | INFO | altitude_trust_bank | app.main | Msgclickon application 
2026-04-26 19:29:31 | INFO | altitude_trust_bank | Database Connection | Database connection successful.
2026-04-26 19:29:31 | INFO | altitude_trust_bank | app.main | Database connection succesaful.
2026-04-26 19:29:31 | INFO | altitude_trust_bank | app.main | Shutting down MsgClickOn...
2026-04-26 19:29:34 | INFO | altitude_trust_bank | app.main | Msgclickon application 
2026-04-26 19:29:35 | INFO | altitude_trust_bank | Database Connection | Database connection successful.
2026-04-26 19:29:35 | INFO | altitude_trust_bank | app.main | Database connection succesaful.
2026-04-26 19:29:35 | INFO | altitude_trust_bank | app.main | Shutting down MsgClickOn...
2026-04-26 19:29:37 | INFO | altitude_trust_bank | app.main | Msgclickon application 
2026-04-26 19:29:37 | INFO | altitude_trust_bank | Database Connection | Database connection successful.
2026-04-26 19:29:37 | INFO | altitude_trust_bank | app.main | Database connection succesaful.
2026-04-26 19:29:41 | INFO | altitude_trust_bank | app.main | Shutting down MsgClickOn...
2026-04-26 19:29:44 | INFO | altitude_trust_bank | app.main | Msgclickon application 
2026-04-26 19:29:44 | INFO | altitude_trust_bank | Database Connection | Database connection successful.
2026-04-26 19:29:44 | INFO | altitude_trust_bank | app.main | Database connection succesaful.
2026-04-26 19:29:44 | INFO | altitude_trust_bank | app.main | Shutting down MsgClickOn...
2026-04-26 19:29:46 | INFO | altitude_trust_bank | app.main | Msgclickon application 
2026-04-26 19:29:46 | INFO | altitude_trust_bank | Database Connection | Database connection successful.
2026-04-26 19:29:46 | INFO | altitude_trust_bank | app.main | Database connection succesaful.
2026-04-26 19:29:46 | INFO | altitude_trust_bank | app.main | Shutting down MsgClickOn...
2026-04-26 19:29:48 | INFO | altitude_trust_bank | app.main | Msgclickon application 
2026-04-26 19:29:49 | INFO | altitude_trust_bank | Database Connection | Database connection successful.
2026-04-26 19:29:49 | INFO | altitude_trust_bank | app.main | Database connection succesaful.
2026-04-26 19:29:51 | INFO | altitude_trust_bank | app.main | Shutting down MsgClickOn...
2026-04-26 19:29:52 | INFO | altitude_trust_bank | app.main | Msgclickon application 
2026-04-26 19:29:53 | INFO | altitude_trust_bank | Database Connection | Database connection successful.
2026-04-26 19:29:53 | INFO | altitude_trust_bank | app.main | Database connection succesaful.
2026-04-26 19:30:08 | INFO | altitude_trust_bank | app.main | Shutting down MsgClickOn...
2026-04-26 19:30:10 | INFO | altitude_trust_bank | app.main | Msgclickon application 
2026-04-26 19:30:11 | INFO | altitude_trust_bank | Database Connection | Database connection successful.
2026-04-26 19:30:11 | INFO | altitude_trust_bank | app.main | Database connection succesaful.
2026-04-26 19:30:11 | INFO | altitude_trust_bank | app.main | Shutting down MsgClickOn...
2026-04-26 19:30:13 | INFO | altitude_trust_bank | app.main | Msgclickon application 
2026-04-26 19:30:13 | INFO | altitude_trust_bank | Database Connection | Database connection successful.
2026-04-26 19:30:13 | INFO | altitude_trust_bank | app.main | Database connection succesaful.
2026-04-26 19:30:13 | INFO | altitude_trust_bank | app.main | Shutting down MsgClickOn...
2026-04-26 19:30:16 | INFO | altitude_trust_bank | app.main | Msgclickon application 
2026-04-26 19:30:16 | INFO | altitude_trust_bank | Database Connection | Database connection successful.
2026-04-26 19:30:16 | INFO | altitude_trust_bank | app.main | Database connection succesaful.
2026-04-26 19:30:16 | INFO | altitude_trust_bank | app.main | Shutting down MsgClickOn...
2026-04-26 19:30:18 | INFO | altitude_trust_bank | app.main | Msgclickon application 
2026-04-26 19:30:18 | INFO | altitude_trust_bank | Database Connection | Database connection successful.
2026-04-26 19:30:18 | INFO | altitude_trust_bank | app.main | Database connection succesaful.
2026-04-26 19:30:20 | INFO | altitude_trust_bank | app.main | Shutting down MsgClickOn...
2026-04-26 19:30:22 | INFO | altitude_trust_bank | app.main | Msgclickon application 
2026-04-26 19:30:22 | INFO | altitude_trust_bank | Database Connection | Database connection successful.
2026-04-26 19:30:22 | INFO | altitude_trust_bank | app.main | Database connection succesaful.
2026-04-26 19:30:26 | INFO | altitude_trust_bank | app.main | Shutting down MsgClickOn...
2026-04-26 19:30:29 | INFO | altitude_trust_bank | app.main | Msgclickon application 
2026-04-26 19:30:29 | INFO | altitude_trust_bank | Database Connection | Database connection successful.
2026-04-26 19:30:29 | INFO | altitude_trust_bank | app.main | Database connection succesaful.
2026-04-26 19:30:29 | INFO | altitude_trust_bank | app.main | Shutting down MsgClickOn...
2026-04-26 19:30:32 | INFO | altitude_trust_bank | app.main | Msgclickon application 
2026-04-26 19:30:32 | INFO | altitude_trust_bank | Database Connection | Database connection successful.
2026-04-26 19:30:32 | INFO | altitude_trust_bank | app.main | Database connection succesaful.
2026-04-26 19:30:50 | INFO | altitude_trust_bank | app.main | Shutting down MsgClickOn...
2026-04-26 19:30:52 | INFO | altitude_trust_bank | app.main | Msgclickon application 
2026-04-26 19:30:52 | INFO | altitude_trust_bank | Database Connection | Database connection successful.
2026-04-26 19:30:52 | INFO | altitude_trust_bank | app.main | Database connection succesaful.
2026-04-26 19:30:53 | INFO | altitude_trust_bank | app.main | Shutting down MsgClickOn...
2026-04-26 19:30:54 | INFO | altitude_trust_bank | app.main | Msgclickon application 
2026-04-26 19:30:55 | INFO | altitude_trust_bank | Database Connection | Database connection successful.
2026-04-26 19:30:55 | INFO | altitude_trust_bank | app.main | Database connection succesaful.
2026-04-26 19:30:59 | INFO | altitude_trust_bank | app.main | Shutting down MsgClickOn...
2026-04-26 19:31:01 | INFO | altitude_trust_bank | app.main | Msgclickon application 
2026-04-26 19:31:01 | INFO | altitude_trust_bank | Database Connection | Database connection successful.
2026-04-26 19:31:01 | INFO | altitude_trust_bank | app.main | Database connection succesaful.
2026-04-26 19:31:01 | INFO | altitude_trust_bank | app.main | Shutting down MsgClickOn...
2026-04-26 19:31:03 | INFO | altitude_trust_bank | app.main | Msgclickon application 
2026-04-26 19:31:03 | INFO | altitude_trust_bank | Database Connection | Database connection successful.
2026-04-26 19:31:03 | INFO | altitude_trust_bank | app.main | Database connection succesaful.
2026-04-26 19:31:06 | INFO | altitude_trust_bank | app.main | Shutting down MsgClickOn...
2026-04-26 19:31:08 | INFO | altitude_trust_bank | app.main | Msgclickon application 
2026-04-26 19:31:08 | INFO | altitude_trust_bank | Database Connection | Database connection successful.
2026-04-26 19:31:08 | INFO | altitude_trust_bank | app.main | Database connection succesaful.
2026-04-26 19:31:08 | INFO | altitude_trust_bank | app.main | Shutting down MsgClickOn...
2026-04-26 19:31:10 | INFO | altitude_trust_bank | app.main | Msgclickon application 
2026-04-26 19:31:10 | INFO | altitude_trust_bank | Database Connection | Database connection successful.
2026-04-26 19:31:10 | INFO | altitude_trust_bank | app.main | Database connection succesaful.
2026-04-26 19:31:10 | INFO | altitude_trust_bank | app.main | Shutting down MsgClickOn...
2026-04-26 19:31:12 | INFO | altitude_trust_bank | app.main | Msgclickon application 
2026-04-26 19:31:12 | INFO | altitude_trust_bank | Database Connection | Database connection successful.
2026-04-26 19:31:12 | INFO | altitude_trust_bank | app.main | Database connection succesaful.
2026-04-26 19:31:53 | INFO | altitude_trust_bank | app.main | Shutting down MsgClickOn...
2026-04-26 19:31:54 | INFO | altitude_trust_bank | app.main | Msgclickon application 
2026-04-26 19:31:54 | INFO | altitude_trust_bank | Database Connection | Database connection successful.
2026-04-26 19:31:54 | INFO | altitude_trust_bank | app.main | Database connection succesaful.
2026-04-26 19:31:55 | INFO | altitude_trust_bank | app.main | Shutting down MsgClickOn...
2026-04-26 19:31:56 | INFO | altitude_trust_bank | app.main | Msgclickon application 
2026-04-26 19:31:56 | INFO | altitude_trust_bank | Database Connection | Database connection successful.
2026-04-26 19:31:56 | INFO | altitude_trust_bank | app.main | Database connection succesaful.
2026-04-26 19:32:02 | INFO | altitude_trust_bank | app.main | Shutting down MsgClickOn...
2026-04-26 19:35:01 | INFO | altitude_trust_bank | app.main | Msgclickon application 
2026-04-26 19:35:01 | INFO | altitude_trust_bank | Database Connection | Database connection successful.
2026-04-26 19:35:01 | INFO | altitude_trust_bank | app.main | Database connection succesaful.
2026-04-26 19:35:02 | INFO | altitude_trust_bank | app.main | Shutting down MsgClickOn...
2026-04-26 19:35:04 | INFO | altitude_trust_bank | app.main | Msgclickon application 
2026-04-26 19:35:04 | INFO | altitude_trust_bank | Database Connection | Database connection successful.
2026-04-26 19:35:04 | INFO | altitude_trust_bank | app.main | Database connection succesaful.
2026-04-26 19:35:04 | INFO | altitude_trust_bank | app.main | Shutting down MsgClickOn...
2026-04-26 19:37:13 | INFO | altitude_trust_bank | app.main | Msgclickon application 
2026-04-26 19:37:13 | INFO | altitude_trust_bank | Database Connection | Database connection successful.
2026-04-26 19:37:13 | INFO | altitude_trust_bank | app.main | Database connection succesaful.
2026-04-26 19:37:18 | INFO | altitude_trust_bank | app.main | Shutting down MsgClickOn...
2026-04-26 19:37:20 | INFO | altitude_trust_bank | app.main | Msgclickon application 
2026-04-26 19:37:21 | INFO | altitude_trust_bank | Database Connection | Database connection successful.
2026-04-26 19:37:21 | INFO | altitude_trust_bank | app.main | Database connection succesaful.
2026-04-26 19:37:21 | INFO | altitude_trust_bank | app.main | Shutting down MsgClickOn...
2026-04-26 19:37:23 | INFO | altitude_trust_bank | app.main | Msgclickon application 
2026-04-26 19:37:23 | INFO | altitude_trust_bank | Database Connection | Database connection successful.
2026-04-26 19:37:23 | INFO | altitude_trust_bank | app.main | Database connection succesaful.
2026-04-26 19:38:48 | INFO | altitude_trust_bank | app.main | Shutting down MsgClickOn...
2026-04-26 19:38:50 | INFO | altitude_trust_bank | app.main | Msgclickon application 
2026-04-26 19:38:50 | INFO | altitude_trust_bank | Database Connection | Database connection successful.
2026-04-26 19:38:50 | INFO | altitude_trust_bank | app.main | Database connection succesaful.
2026-04-26 19:38:53 | INFO | altitude_trust_bank | app.main | Shutting down MsgClickOn...
2026-04-26 19:38:55 | INFO | altitude_trust_bank | app.main | Msgclickon application 
2026-04-26 19:38:55 | INFO | altitude_trust_bank | Database Connection | Database connection successful.
2026-04-26 19:38:55 | INFO | altitude_trust_bank | app.main | Database connection succesaful.
2026-04-26 19:38:55 | INFO | altitude_trust_bank | app.main | Shutting down MsgClickOn...
2026-04-26 19:38:57 | INFO | altitude_trust_bank | app.main | Msgclickon application 
2026-04-26 19:38:57 | INFO | altitude_trust_bank | Database Connection | Database connection successful.
2026-04-26 19:38:57 | INFO | altitude_trust_bank | app.main | Database connection succesaful.
2026-04-26 19:39:32 | INFO | altitude_trust_bank | app.main | Shutting down MsgClickOn...
2026-04-26 19:39:33 | INFO | altitude_trust_bank | app.main | Msgclickon application 
2026-04-26 19:39:33 | INFO | altitude_trust_bank | Database Connection | Database connection successful.
2026-04-26 19:39:33 | INFO | altitude_trust_bank | app.main | Database connection succesaful.
2026-04-26 19:40:16 | INFO | altitude_trust_bank | app.main | Shutting down MsgClickOn...
2026-04-26 19:40:18 | INFO | altitude_trust_bank | app.main | Msgclickon application 
2026-04-26 19:40:18 | INFO | altitude_trust_bank | Database Connection | Database connection successful.
2026-04-26 19:40:18 | INFO | altitude_trust_bank | app.main | Database connection succesaful.
2026-04-26 19:40:19 | INFO | altitude_trust_bank | app.main | Shutting down MsgClickOn...
2026-04-26 19:40:22 | INFO | altitude_trust_bank | app.main | Msgclickon application 
2026-04-26 19:40:22 | INFO | altitude_trust_bank | Database Connection | Database connection successful.
2026-04-26 19:40:22 | INFO | altitude_trust_bank | app.main | Database connection succesaful.
2026-04-26 19:40:22 | INFO | altitude_trust_bank | app.main | Shutting down MsgClickOn...
2026-04-26 19:41:12 | INFO | altitude_trust_bank | app.main | Msgclickon application 
2026-04-26 19:41:12 | INFO | altitude_trust_bank | Database Connection | Database connection successful.
2026-04-26 19:41:12 | INFO | altitude_trust_bank | app.main | Database connection succesaful.
2026-04-26 19:41:12 | INFO | altitude_trust_bank | app.main | Shutting down MsgClickOn...
2026-04-26 19:41:14 | INFO | altitude_trust_bank | app.main | Msgclickon application 
2026-04-26 19:41:14 | INFO | altitude_trust_bank | Database Connection | Database connection successful.
2026-04-26 19:41:14 | INFO | altitude_trust_bank | app.main | Database connection succesaful.
2026-04-26 19:41:18 | INFO | altitude_trust_bank | app.main | Shutting down MsgClickOn...
2026-04-26 19:41:20 | INFO | altitude_trust_bank | app.main | Msgclickon application 
2026-04-26 19:41:20 | INFO | altitude_trust_bank | Database Connection | Database connection successful.
2026-04-26 19:41:20 | INFO | altitude_trust_bank | app.main | Database connection succesaful.
2026-04-26 19:41:22 | INFO | altitude_trust_bank | app.main | Shutting down MsgClickOn...
2026-04-26 19:41:25 | INFO | altitude_trust_bank | app.main | Msgclickon application 
2026-04-26 19:41:25 | INFO | altitude_trust_bank | Database Connection | Database connection successful.
2026-04-26 19:41:25 | INFO | altitude_trust_bank | app.main | Database connection succesaful.
2026-04-26 19:41:27 | INFO | altitude_trust_bank | app.main | Shutting down MsgClickOn...
2026-04-26 19:41:29 | INFO | altitude_trust_bank | app.main | Msgclickon application 
2026-04-26 19:41:29 | INFO | altitude_trust_bank | Database Connection | Database connection successful.
2026-04-26 19:41:29 | INFO | altitude_trust_bank | app.main | Database connection succesaful.
2026-04-26 19:41:30 | INFO | altitude_trust_bank | app.main | Shutting down MsgClickOn...
2026-04-26 19:41:31 | INFO | altitude_trust_bank | app.main | Msgclickon application 
2026-04-26 19:41:31 | INFO | altitude_trust_bank | Database Connection | Database connection successful.
2026-04-26 19:41:31 | INFO | altitude_trust_bank | app.main | Database connection succesaful.
2026-04-26 19:41:32 | INFO | altitude_trust_bank | app.main | Shutting down MsgClickOn...
2026-04-26 19:41:35 | INFO | altitude_trust_bank | app.main | Msgclickon application 
2026-04-26 19:41:35 | INFO | altitude_trust_bank | Database Connection | Database connection successful.
2026-04-26 19:41:35 | INFO | altitude_trust_bank | app.main | Database connection succesaful.
2026-04-26 19:41:35 | INFO | altitude_trust_bank | app.main | Shutting down MsgClickOn...
2026-04-26 19:41:38 | INFO | altitude_trust_bank | app.main | Msgclickon application 
2026-04-26 19:41:38 | INFO | altitude_trust_bank | Database Connection | Database connection successful.
2026-04-26 19:41:38 | INFO | altitude_trust_bank | app.main | Database connection succesaful.
2026-04-26 19:41:38 | INFO | altitude_trust_bank | app.main | Shutting down MsgClickOn...
2026-04-26 19:41:41 | INFO | altitude_trust_bank | app.main | Msgclickon application 
2026-04-26 19:41:41 | INFO | altitude_trust_bank | Database Connection | Database connection successful.
2026-04-26 19:41:41 | INFO | altitude_trust_bank | app.main | Database connection succesaful.
2026-04-26 19:41:41 | INFO | altitude_trust_bank | app.main | Shutting down MsgClickOn...
2026-04-26 19:41:44 | INFO | altitude_trust_bank | app.main | Msgclickon application 
2026-04-26 19:41:44 | INFO | altitude_trust_bank | Database Connection | Database connection successful.
2026-04-26 19:41:44 | INFO | altitude_trust_bank | app.main | Database connection succesaful.
2026-04-26 19:41:45 | INFO | altitude_trust_bank | app.main | Shutting down MsgClickOn...
2026-04-26 19:41:47 | INFO | altitude_trust_bank | app.main | Msgclickon application 
2026-04-26 19:41:47 | INFO | altitude_trust_bank | Database Connection | Database connection successful.
2026-04-26 19:41:47 | INFO | altitude_trust_bank | app.main | Database connection succesaful.
2026-04-26 19:41:57 | INFO | altitude_trust_bank | app.main | Shutting down MsgClickOn...
2026-04-26 19:42:03 | INFO | altitude_trust_bank | app.main | Msgclickon application 
2026-04-26 19:42:03 | INFO | altitude_trust_bank | Database Connection | Database connection successful.
2026-04-26 19:42:03 | INFO | altitude_trust_bank | app.main | Database connection succesaful.
2026-04-26 19:42:05 | INFO | altitude_trust_bank | app.main | Shutting down MsgClickOn...
2026-04-26 19:42:15 | INFO | altitude_trust_bank | app.main | Msgclickon application 
2026-04-26 19:42:15 | INFO | altitude_trust_bank | Database Connection | Database connection successful.
2026-04-26 19:42:15 | INFO | altitude_trust_bank | app.main | Database connection succesaful.
2026-04-26 19:42:15 | INFO | altitude_trust_bank | app.main | Shutting down MsgClickOn...
2026-04-26 19:42:18 | INFO | altitude_trust_bank | app.main | Msgclickon application 
2026-04-26 19:42:18 | INFO | altitude_trust_bank | Database Connection | Database connection successful.
2026-04-26 19:42:18 | INFO | altitude_trust_bank | app.main | Database connection succesaful.
2026-04-26 19:42:21 | INFO | altitude_trust_bank | app.main | Shutting down MsgClickOn...
2026-04-26 19:42:24 | INFO | altitude_trust_bank | app.main | Msgclickon application 
2026-04-26 19:42:25 | INFO | altitude_trust_bank | Database Connection | Database connection successful.
2026-04-26 19:42:25 | INFO | altitude_trust_bank | app.main | Database connection succesaful.
2026-04-26 19:42:26 | INFO | altitude_trust_bank | app.main | Shutting down MsgClickOn...
2026-04-26 19:42:28 | INFO | altitude_trust_bank | app.main | Msgclickon application 
2026-04-26 19:42:28 | INFO | altitude_trust_bank | Database Connection | Database connection successful.
2026-04-26 19:42:28 | INFO | altitude_trust_bank | app.main | Database connection succesaful.
2026-04-26 19:42:29 | INFO | altitude_trust_bank | app.main | Shutting down MsgClickOn...
2026-04-26 19:42:31 | INFO | altitude_trust_bank | app.main | Msgclickon application 
2026-04-26 19:42:31 | INFO | altitude_trust_bank | Database Connection | Database connection successful.
2026-04-26 19:42:31 | INFO | altitude_trust_bank | app.main | Database connection succesaful.
2026-04-26 19:42:33 | INFO | altitude_trust_bank | app.main | Shutting down MsgClickOn...
2026-04-26 19:42:36 | INFO | altitude_trust_bank | app.main | Msgclickon application 
2026-04-26 19:42:36 | INFO | altitude_trust_bank | Database Connection | Database connection successful.
2026-04-26 19:42:36 | INFO | altitude_trust_bank | app.main | Database connection succesaful.
2026-04-26 19:42:36 | INFO | altitude_trust_bank | app.main | Shutting down MsgClickOn...
2026-04-26 19:42:38 | INFO | altitude_trust_bank | app.main | Msgclickon application 
2026-04-26 19:42:38 | INFO | altitude_trust_bank | Database Connection | Database connection successful.
2026-04-26 19:42:38 | INFO | altitude_trust_bank | app.main | Database connection succesaful.
2026-04-26 19:42:41 | INFO | altitude_trust_bank | app.main | Shutting down MsgClickOn...
2026-04-26 19:42:48 | INFO | altitude_trust_bank | app.main | Msgclickon application 
2026-04-26 19:42:48 | INFO | altitude_trust_bank | Database Connection | Database connection successful.
2026-04-26 19:42:48 | INFO | altitude_trust_bank | app.main | Database connection succesaful.
2026-04-26 19:42:49 | INFO | altitude_trust_bank | app.main | Shutting down MsgClickOn...
2026-04-26 19:42:51 | INFO | altitude_trust_bank | app.main | Msgclickon application 
2026-04-26 19:42:51 | INFO | altitude_trust_bank | Database Connection | Database connection successful.
2026-04-26 19:42:51 | INFO | altitude_trust_bank | app.main | Database connection succesaful.
2026-04-26 19:42:52 | INFO | altitude_trust_bank | app.main | Shutting down MsgClickOn...
2026-04-26 19:43:00 | INFO | altitude_trust_bank | app.main | Msgclickon application 
2026-04-26 19:43:00 | INFO | altitude_trust_bank | Database Connection | Database connection successful.
2026-04-26 19:43:00 | INFO | altitude_trust_bank | app.main | Database connection succesaful.
2026-04-26 19:45:41 | INFO | altitude_trust_bank | app.main | Shutting down MsgClickOn...
2026-04-26 19:45:43 | INFO | altitude_trust_bank | app.main | Msgclickon application 
2026-04-26 19:45:43 | INFO | altitude_trust_bank | Database Connection | Database connection successful.
2026-04-26 19:45:43 | INFO | altitude_trust_bank | app.main | Database connection succesaful.
2026-04-26 19:46:05 | INFO | altitude_trust_bank | app.main | Shutting down MsgClickOn...
2026-04-26 19:46:19 | INFO | altitude_trust_bank | app.main | Msgclickon application 
2026-04-26 19:46:20 | INFO | altitude_trust_bank | Database Connection | Database connection successful.
2026-04-26 19:46:20 | INFO | altitude_trust_bank | app.main | Database connection succesaful.
2026-04-26 19:46:30 | INFO | altitude_trust_bank | app.main | Shutting down MsgClickOn...
2026-04-26 19:46:33 | INFO | altitude_trust_bank | app.main | Msgclickon application 
2026-04-26 19:46:33 | INFO | altitude_trust_bank | Database Connection | Database connection successful.
2026-04-26 19:46:33 | INFO | altitude_trust_bank | app.main | Database connection succesaful.
2026-04-26 19:46:38 | INFO | altitude_trust_bank | app.main | Shutting down MsgClickOn...
2026-04-26 19:46:40 | INFO | altitude_trust_bank | app.main | Msgclickon application 
2026-04-26 19:46:40 | INFO | altitude_trust_bank | Database Connection | Database connection successful.
2026-04-26 19:46:40 | INFO | altitude_trust_bank | app.main | Database connection succesaful.
2026-04-26 19:46:44 | INFO | altitude_trust_bank | app.main | Shutting down MsgClickOn...
2026-04-26 19:46:46 | INFO | altitude_trust_bank | app.main | Msgclickon application 
2026-04-26 19:46:46 | INFO | altitude_trust_bank | Database Connection | Database connection successful.
2026-04-26 19:46:46 | INFO | altitude_trust_bank | app.main | Database connection succesaful.
2026-04-26 19:46:46 | INFO | altitude_trust_bank | app.main | Shutting down MsgClickOn...
2026-04-26 19:46:48 | INFO | altitude_trust_bank | app.main | Msgclickon application 
2026-04-26 19:46:48 | INFO | altitude_trust_bank | Database Connection | Database connection successful.
2026-04-26 19:46:48 | INFO | altitude_trust_bank | app.main | Database connection succesaful.
2026-04-26 19:46:48 | INFO | altitude_trust_bank | app.main | Shutting down MsgClickOn...
2026-04-26 19:46:50 | INFO | altitude_trust_bank | app.main | Msgclickon application 
2026-04-26 19:46:50 | INFO | altitude_trust_bank | Database Connection | Database connection successful.
2026-04-26 19:46:50 | INFO | altitude_trust_bank | app.main | Database connection succesaful.
2026-04-26 19:46:53 | INFO | altitude_trust_bank | app.main | Shutting down MsgClickOn...
2026-04-26 19:46:55 | INFO | altitude_trust_bank | app.main | Msgclickon application 
2026-04-26 19:46:55 | INFO | altitude_trust_bank | Database Connection | Database connection successful.
2026-04-26 19:46:55 | INFO | altitude_trust_bank | app.main | Database connection succesaful.
2026-04-26 19:48:23 | INFO | altitude_trust_bank | app.main | Shutting down MsgClickOn...
2026-04-26 19:48:26 | INFO | altitude_trust_bank | app.main | Msgclickon application 
2026-04-26 19:48:26 | INFO | altitude_trust_bank | Database Connection | Database connection successful.
2026-04-26 19:48:26 | INFO | altitude_trust_bank | app.main | Database connection succesaful.
2026-04-26 19:48:28 | INFO | altitude_trust_bank | app.main | Shutting down MsgClickOn...
2026-04-26 19:48:42 | INFO | altitude_trust_bank | app.main | Msgclickon application 
2026-04-26 19:48:42 | INFO | altitude_trust_bank | Database Connection | Database connection successful.
2026-04-26 19:48:42 | INFO | altitude_trust_bank | app.main | Database connection succesaful.
2026-04-26 19:51:11 | INFO | altitude_trust_bank | app.main | Shutting down MsgClickOn...
2026-04-26 19:51:15 | INFO | altitude_trust_bank | app.main | Msgclickon application 
2026-04-26 19:51:15 | INFO | altitude_trust_bank | Database Connection | Database connection successful.
2026-04-26 19:51:15 | INFO | altitude_trust_bank | app.main | Database connection succesaful.
2026-04-26 19:51:15 | INFO | altitude_trust_bank | app.main | Shutting down MsgClickOn...
2026-04-26 19:51:17 | INFO | altitude_trust_bank | app.main | Msgclickon application 
2026-04-26 19:51:17 | INFO | altitude_trust_bank | Database Connection | Database connection successful.
2026-04-26 19:51:17 | INFO | altitude_trust_bank | app.main | Database connection succesaful.
2026-04-26 19:51:20 | INFO | altitude_trust_bank | app.main | Shutting down MsgClickOn...
2026-04-26 19:51:22 | INFO | altitude_trust_bank | app.main | Msgclickon application 
2026-04-26 19:51:22 | INFO | altitude_trust_bank | Database Connection | Database connection successful.
2026-04-26 19:51:22 | INFO | altitude_trust_bank | app.main | Database connection succesaful.
2026-04-26 19:51:22 | INFO | altitude_trust_bank | app.main | Shutting down MsgClickOn...
2026-04-26 19:51:24 | INFO | altitude_trust_bank | app.main | Msgclickon application 
2026-04-26 19:51:24 | INFO | altitude_trust_bank | Database Connection | Database connection successful.
2026-04-26 19:51:24 | INFO | altitude_trust_bank | app.main | Database connection succesaful.
2026-04-26 19:51:26 | INFO | altitude_trust_bank | app.main | Shutting down MsgClickOn...
2026-04-26 19:51:27 | INFO | altitude_trust_bank | app.main | Msgclickon application 
2026-04-26 19:51:27 | INFO | altitude_trust_bank | Database Connection | Database connection successful.
2026-04-26 19:51:27 | INFO | altitude_trust_bank | app.main | Database connection succesaful.
2026-04-26 19:51:30 | INFO | altitude_trust_bank | app.main | Shutting down MsgClickOn...
2026-04-26 19:51:32 | INFO | altitude_trust_bank | app.main | Msgclickon application 
2026-04-26 19:51:32 | INFO | altitude_trust_bank | Database Connection | Database connection successful.
2026-04-26 19:51:32 | INFO | altitude_trust_bank | app.main | Database connection succesaful.
2026-04-26 19:51:33 | INFO | altitude_trust_bank | app.main | Shutting down MsgClickOn...
2026-04-26 19:51:34 | INFO | altitude_trust_bank | app.main | Msgclickon application 
2026-04-26 19:51:35 | INFO | altitude_trust_bank | Database Connection | Database connection successful.
2026-04-26 19:51:35 | INFO | altitude_trust_bank | app.main | Database connection succesaful.
2026-04-26 19:51:35 | INFO | altitude_trust_bank | app.main | Shutting down MsgClickOn...
2026-04-26 19:51:37 | INFO | altitude_trust_bank | app.main | Msgclickon application 
2026-04-26 19:51:37 | INFO | altitude_trust_bank | Database Connection | Database connection successful.
2026-04-26 19:51:37 | INFO | altitude_trust_bank | app.main | Database connection succesaful.
2026-04-26 19:51:44 | INFO | altitude_trust_bank | app.main | Shutting down MsgClickOn...
2026-04-26 19:51:46 | INFO | altitude_trust_bank | app.main | Msgclickon application 
2026-04-26 19:51:46 | INFO | altitude_trust_bank | Database Connection | Database connection successful.
2026-04-26 19:51:46 | INFO | altitude_trust_bank | app.main | Database connection succesaful.
2026-04-26 19:51:47 | INFO | altitude_trust_bank | app.main | Shutting down MsgClickOn...
2026-04-26 19:51:48 | INFO | altitude_trust_bank | app.main | Msgclickon application 
2026-04-26 19:51:48 | INFO | altitude_trust_bank | Database Connection | Database connection successful.
2026-04-26 19:51:48 | INFO | altitude_trust_bank | app.main | Database connection succesaful.
2026-04-26 19:51:49 | INFO | altitude_trust_bank | app.main | Shutting down MsgClickOn...
2026-04-26 19:52:22 | INFO | altitude_trust_bank | app.main | Msgclickon application 
2026-04-26 19:52:23 | INFO | altitude_trust_bank | Database Connection | Database connection successful.
2026-04-26 19:52:23 | INFO | altitude_trust_bank | app.main | Database connection succesaful.
2026-04-26 19:53:00 | INFO | altitude_trust_bank | app.main | Shutting down MsgClickOn...
2026-04-26 19:53:03 | INFO | altitude_trust_bank | app.main | Msgclickon application 
2026-04-26 19:53:03 | INFO | altitude_trust_bank | Database Connection | Database connection successful.
2026-04-26 19:53:03 | INFO | altitude_trust_bank | app.main | Database connection succesaful.
2026-04-26 19:53:03 | INFO | altitude_trust_bank | app.main | Shutting down MsgClickOn...
2026-04-26 19:53:12 | INFO | altitude_trust_bank | app.main | Msgclickon application 
2026-04-26 19:53:12 | INFO | altitude_trust_bank | Database Connection | Database connection successful.
2026-04-26 19:53:12 | INFO | altitude_trust_bank | app.main | Database connection succesaful.
2026-04-26 19:53:12 | INFO | altitude_trust_bank | app.main | Shutting down MsgClickOn...
2026-04-26 19:53:15 | INFO | altitude_trust_bank | app.main | Msgclickon application 
2026-04-26 19:53:15 | INFO | altitude_trust_bank | Database Connection | Database connection successful.
2026-04-26 19:53:15 | INFO | altitude_trust_bank | app.main | Database connection succesaful.
2026-04-26 19:53:32 | INFO | altitude_trust_bank | app.main | Shutting down MsgClickOn...
2026-04-26 19:53:34 | INFO | altitude_trust_bank | app.main | Msgclickon application 
2026-04-26 19:53:34 | INFO | altitude_trust_bank | Database Connection | Database connection successful.
2026-04-26 19:53:34 | INFO | altitude_trust_bank | app.main | Database connection succesaful.
2026-04-26 19:53:39 | INFO | altitude_trust_bank | app.main | Shutting down MsgClickOn...
2026-04-26 19:53:41 | INFO | altitude_trust_bank | app.main | Msgclickon application 
2026-04-26 19:53:41 | INFO | altitude_trust_bank | Database Connection | Database connection successful.
2026-04-26 19:53:41 | INFO | altitude_trust_bank | app.main | Database connection succesaful.
2026-04-26 19:53:42 | INFO | altitude_trust_bank | app.main | Shutting down MsgClickOn...
2026-04-26 19:55:14 | INFO | altitude_trust_bank | app.main | Msgclickon application 
2026-04-26 19:55:14 | INFO | altitude_trust_bank | Database Connection | Database connection successful.
2026-04-26 19:55:14 | INFO | altitude_trust_bank | app.main | Database connection succesaful.
2026-04-26 19:55:17 | INFO | altitude_trust_bank | app.main | Shutting down MsgClickOn...
2026-04-26 19:55:20 | INFO | altitude_trust_bank | app.main | Msgclickon application 
2026-04-26 19:55:20 | INFO | altitude_trust_bank | Database Connection | Database connection successful.
2026-04-26 19:55:20 | INFO | altitude_trust_bank | app.main | Database connection succesaful.
2026-04-26 19:55:20 | INFO | altitude_trust_bank | app.main | Shutting down MsgClickOn...
2026-04-26 19:55:23 | INFO | altitude_trust_bank | app.main | Msgclickon application 
2026-04-26 19:55:23 | INFO | altitude_trust_bank | Database Connection | Database connection successful.
2026-04-26 19:55:23 | INFO | altitude_trust_bank | app.main | Database connection succesaful.
2026-04-26 19:55:29 | INFO | altitude_trust_bank | app.main | Shutting down MsgClickOn...
2026-04-26 19:55:30 | INFO | altitude_trust_bank | app.main | Msgclickon application 
2026-04-26 19:55:30 | INFO | altitude_trust_bank | Database Connection | Database connection successful.
2026-04-26 19:55:30 | INFO | altitude_trust_bank | app.main | Database connection succesaful.
2026-04-26 19:55:40 | INFO | altitude_trust_bank | app.main | Shutting down MsgClickOn...
2026-04-26 19:55:48 | INFO | altitude_trust_bank | app.main | Msgclickon application 
2026-04-26 19:55:49 | INFO | altitude_trust_bank | Database Connection | Database connection successful.
2026-04-26 19:55:49 | INFO | altitude_trust_bank | app.main | Database connection succesaful.
2026-04-26 19:55:49 | INFO | altitude_trust_bank | app.main | Shutting down MsgClickOn...
2026-04-26 19:55:51 | INFO | altitude_trust_bank | app.main | Msgclickon application 
2026-04-26 19:55:51 | INFO | altitude_trust_bank | Database Connection | Database connection successful.
2026-04-26 19:55:51 | INFO | altitude_trust_bank | app.main | Database connection succesaful.
2026-04-26 19:55:54 | INFO | altitude_trust_bank | app.main | Shutting down MsgClickOn...
2026-04-26 19:55:56 | INFO | altitude_trust_bank | app.main | Msgclickon application 
2026-04-26 19:55:56 | INFO | altitude_trust_bank | Database Connection | Database connection successful.
2026-04-26 19:55:56 | INFO | altitude_trust_bank | app.main | Database connection succesaful.
2026-04-26 19:55:56 | INFO | altitude_trust_bank | app.main | Shutting down MsgClickOn...
2026-04-26 19:55:57 | INFO | altitude_trust_bank | app.main | Msgclickon application 
2026-04-26 19:55:57 | INFO | altitude_trust_bank | Database Connection | Database connection successful.
2026-04-26 19:55:57 | INFO | altitude_trust_bank | app.main | Database connection succesaful.
2026-04-26 19:56:11 | INFO | altitude_trust_bank | app.main | Shutting down MsgClickOn...
2026-04-26 19:56:14 | INFO | altitude_trust_bank | app.main | Msgclickon application 
2026-04-26 19:56:14 | INFO | altitude_trust_bank | Database Connection | Database connection successful.
2026-04-26 19:56:14 | INFO | altitude_trust_bank | app.main | Database connection succesaful.
2026-04-26 19:56:16 | INFO | altitude_trust_bank | app.main | Shutting down MsgClickOn...
2026-04-26 19:56:18 | INFO | altitude_trust_bank | app.main | Msgclickon application 
2026-04-26 19:56:18 | INFO | altitude_trust_bank | Database Connection | Database connection successful.
2026-04-26 19:56:18 | INFO | altitude_trust_bank | app.main | Database connection succesaful.
2026-04-26 19:56:20 | INFO | altitude_trust_bank | app.main | Shutting down MsgClickOn...
2026-04-26 19:56:24 | INFO | altitude_trust_bank | app.main | Msgclickon application 
2026-04-26 19:56:25 | INFO | altitude_trust_bank | Database Connection | Database connection successful.
2026-04-26 19:56:25 | INFO | altitude_trust_bank | app.main | Database connection succesaful.
2026-04-26 19:56:25 | INFO | altitude_trust_bank | app.main | Shutting down MsgClickOn...
2026-04-26 19:56:27 | INFO | altitude_trust_bank | app.main | Msgclickon application 
2026-04-26 19:56:27 | INFO | altitude_trust_bank | Database Connection | Database connection successful.
2026-04-26 19:56:27 | INFO | altitude_trust_bank | app.main | Database connection succesaful.
2026-04-26 19:56:27 | INFO | altitude_trust_bank | app.main | Shutting down MsgClickOn...
2026-04-26 19:56:29 | INFO | altitude_trust_bank | app.main | Msgclickon application 
2026-04-26 19:56:29 | INFO | altitude_trust_bank | Database Connection | Database connection successful.
2026-04-26 19:56:29 | INFO | altitude_trust_bank | app.main | Database connection succesaful.
2026-04-26 19:56:39 | INFO | altitude_trust_bank | app.main | Shutting down MsgClickOn...
2026-04-26 19:56:41 | INFO | altitude_trust_bank | app.main | Msgclickon application 
2026-04-26 19:56:41 | INFO | altitude_trust_bank | Database Connection | Database connection successful.
2026-04-26 19:56:41 | INFO | altitude_trust_bank | app.main | Database connection succesaful.
2026-04-26 20:00:05 | INFO | altitude_trust_bank | app.main | Shutting down MsgClickOn...
2026-04-26 20:00:08 | INFO | altitude_trust_bank | app.main | Msgclickon application 
2026-04-26 20:00:08 | INFO | altitude_trust_bank | Database Connection | Database connection successful.
2026-04-26 20:00:08 | INFO | altitude_trust_bank | app.main | Database connection succesaful.
2026-04-26 20:00:09 | INFO | altitude_trust_bank | app.main | Shutting down MsgClickOn...
2026-04-26 20:00:11 | INFO | altitude_trust_bank | app.main | Msgclickon application 
2026-04-26 20:00:11 | INFO | altitude_trust_bank | Database Connection | Database connection successful.
2026-04-26 20:00:11 | INFO | altitude_trust_bank | app.main | Database connection succesaful.
2026-04-26 20:00:19 | INFO | altitude_trust_bank | app.main | Shutting down MsgClickOn...
2026-04-26 20:00:27 | INFO | altitude_trust_bank | app.main | Msgclickon application 
2026-04-26 20:00:27 | INFO | altitude_trust_bank | Database Connection | Database connection successful.
2026-04-26 20:00:27 | INFO | altitude_trust_bank | app.main | Database connection succesaful.
2026-04-26 20:00:35 | INFO | altitude_trust_bank | app.main | Shutting down MsgClickOn...
2026-04-26 20:00:37 | INFO | altitude_trust_bank | app.main | Msgclickon application 
2026-04-26 20:00:37 | INFO | altitude_trust_bank | Database Connection | Database connection successful.
2026-04-26 20:00:37 | INFO | altitude_trust_bank | app.main | Database connection succesaful.
2026-04-26 20:00:38 | INFO | altitude_trust_bank | app.main | Shutting down MsgClickOn...
2026-04-26 20:00:42 | INFO | altitude_trust_bank | app.main | Msgclickon application 
2026-04-26 20:00:42 | INFO | altitude_trust_bank | Database Connection | Database connection successful.
2026-04-26 20:00:42 | INFO | altitude_trust_bank | app.main | Database connection succesaful.
2026-04-26 20:00:42 | INFO | altitude_trust_bank | app.main | Shutting down MsgClickOn...
2026-04-26 20:00:45 | INFO | altitude_trust_bank | app.main | Msgclickon application 
2026-04-26 20:00:45 | INFO | altitude_trust_bank | Database Connection | Database connection successful.
2026-04-26 20:00:45 | INFO | altitude_trust_bank | app.main | Database connection succesaful.
2026-04-26 20:00:45 | INFO | altitude_trust_bank | app.main | Shutting down MsgClickOn...
2026-04-26 20:00:48 | INFO | altitude_trust_bank | app.main | Msgclickon application 
2026-04-26 20:00:48 | INFO | altitude_trust_bank | Database Connection | Database connection successful.
2026-04-26 20:00:48 | INFO | altitude_trust_bank | app.main | Database connection succesaful.
2026-04-26 20:00:48 | INFO | altitude_trust_bank | app.main | Shutting down MsgClickOn...
2026-04-26 20:00:50 | INFO | altitude_trust_bank | app.main | Msgclickon application 
2026-04-26 20:00:50 | INFO | altitude_trust_bank | Database Connection | Database connection successful.
2026-04-26 20:00:50 | INFO | altitude_trust_bank | app.main | Database connection succesaful.
2026-04-26 20:01:02 | INFO | altitude_trust_bank | app.main | Shutting down MsgClickOn...
2026-04-26 20:01:04 | INFO | altitude_trust_bank | app.main | Msgclickon application 
2026-04-26 20:01:05 | INFO | altitude_trust_bank | Database Connection | Database connection successful.
2026-04-26 20:01:05 | INFO | altitude_trust_bank | app.main | Database connection succesaful.
2026-04-26 20:01:05 | INFO | altitude_trust_bank | app.main | Shutting down MsgClickOn...
2026-04-26 20:01:08 | INFO | altitude_trust_bank | app.main | Msgclickon application 
2026-04-26 20:01:08 | INFO | altitude_trust_bank | Database Connection | Database connection successful.
2026-04-26 20:01:08 | INFO | altitude_trust_bank | app.main | Database connection succesaful.
2026-04-26 20:01:21 | INFO | altitude_trust_bank | app.main | Shutting down MsgClickOn...
2026-04-26 20:01:24 | INFO | altitude_trust_bank | app.main | Msgclickon application 
2026-04-26 20:01:24 | INFO | altitude_trust_bank | Database Connection | Database connection successful.
2026-04-26 20:01:24 | INFO | altitude_trust_bank | app.main | Database connection succesaful.
2026-04-26 20:01:24 | INFO | altitude_trust_bank | app.main | Shutting down MsgClickOn...
2026-04-26 20:01:26 | INFO | altitude_trust_bank | app.main | Msgclickon application 
2026-04-26 20:01:26 | INFO | altitude_trust_bank | Database Connection | Database connection successful.
2026-04-26 20:01:26 | INFO | altitude_trust_bank | app.main | Database connection succesaful.
2026-04-26 20:01:33 | INFO | altitude_trust_bank | app.main | Shutting down MsgClickOn...
2026-04-26 20:01:56 | INFO | altitude_trust_bank | app.main | Msgclickon application 
2026-04-26 20:01:56 | INFO | altitude_trust_bank | Database Connection | Database connection successful.
2026-04-26 20:01:56 | INFO | altitude_trust_bank | app.main | Database connection succesaful.
2026-04-26 20:02:00 | INFO | altitude_trust_bank | app.main | Shutting down MsgClickOn...
2026-04-26 20:02:02 | INFO | altitude_trust_bank | app.main | Msgclickon application 
2026-04-26 20:02:02 | INFO | altitude_trust_bank | Database Connection | Database connection successful.
2026-04-26 20:02:02 | INFO | altitude_trust_bank | app.main | Database connection succesaful.
2026-04-26 20:02:06 | INFO | altitude_trust_bank | app.main | Shutting down MsgClickOn...
2026-04-26 20:02:08 | INFO | altitude_trust_bank | app.main | Msgclickon application 
2026-04-26 20:02:08 | INFO | altitude_trust_bank | Database Connection | Database connection successful.
2026-04-26 20:02:08 | INFO | altitude_trust_bank | app.main | Database connection succesaful.
2026-04-26 20:02:13 | INFO | altitude_trust_bank | app.main | Shutting down MsgClickOn...
2026-04-26 20:02:41 | INFO | altitude_trust_bank | app.main | Msgclickon application 
2026-04-26 20:02:41 | INFO | altitude_trust_bank | Database Connection | Database connection successful.
2026-04-26 20:02:41 | INFO | altitude_trust_bank | app.main | Database connection succesaful.
2026-04-26 20:02:45 | INFO | altitude_trust_bank | app.main | Shutting down MsgClickOn...
2026-04-26 20:02:47 | INFO | altitude_trust_bank | app.main | Msgclickon application 
2026-04-26 20:02:47 | INFO | altitude_trust_bank | Database Connection | Database connection successful.
2026-04-26 20:02:47 | INFO | altitude_trust_bank | app.main | Database connection succesaful.
2026-04-26 20:02:47 | INFO | altitude_trust_bank | app.main | Shutting down MsgClickOn...
2026-04-26 20:02:49 | INFO | altitude_trust_bank | app.main | Msgclickon application 
2026-04-26 20:02:49 | INFO | altitude_trust_bank | Database Connection | Database connection successful.
2026-04-26 20:02:49 | INFO | altitude_trust_bank | app.main | Database connection succesaful.
2026-04-26 20:02:56 | INFO | altitude_trust_bank | app.main | Shutting down MsgClickOn...
2026-04-26 20:02:58 | INFO | altitude_trust_bank | app.main | Msgclickon application 
2026-04-26 20:02:58 | INFO | altitude_trust_bank | Database Connection | Database connection successful.
2026-04-26 20:02:58 | INFO | altitude_trust_bank | app.main | Database connection succesaful.
2026-04-26 20:03:01 | INFO | altitude_trust_bank | app.main | Shutting down MsgClickOn...
2026-04-26 20:03:02 | INFO | altitude_trust_bank | app.main | Msgclickon application 
2026-04-26 20:03:02 | INFO | altitude_trust_bank | Database Connection | Database connection successful.
2026-04-26 20:03:02 | INFO | altitude_trust_bank | app.main | Database connection succesaful.
2026-04-26 20:03:07 | INFO | altitude_trust_bank | app.main | Shutting down MsgClickOn...
2026-04-26 20:03:09 | INFO | altitude_trust_bank | app.main | Msgclickon application 
2026-04-26 20:03:09 | INFO | altitude_trust_bank | Database Connection | Database connection successful.
2026-04-26 20:03:09 | INFO | altitude_trust_bank | app.main | Database connection succesaful.
2026-04-26 20:06:02 | INFO | altitude_trust_bank | app.main | Shutting down MsgClickOn...
2026-04-26 20:06:03 | INFO | altitude_trust_bank | app.main | Msgclickon application 
2026-04-26 20:06:03 | INFO | altitude_trust_bank | Database Connection | Database connection successful.
2026-04-26 20:06:03 | INFO | altitude_trust_bank | app.main | Database connection succesaful.
2026-04-26 20:06:07 | INFO | altitude_trust_bank | app.main | Shutting down MsgClickOn...
2026-04-26 20:06:09 | INFO | altitude_trust_bank | app.main | Msgclickon application 
2026-04-26 20:06:10 | INFO | altitude_trust_bank | Database Connection | Database connection successful.
2026-04-26 20:06:10 | INFO | altitude_trust_bank | app.main | Database connection succesaful.
2026-04-26 20:06:10 | INFO | altitude_trust_bank | app.main | Shutting down MsgClickOn...
2026-04-26 20:06:11 | INFO | altitude_trust_bank | app.main | Msgclickon application 
2026-04-26 20:06:11 | INFO | altitude_trust_bank | Database Connection | Database connection successful.
2026-04-26 20:06:11 | INFO | altitude_trust_bank | app.main | Database connection succesaful.
2026-04-26 20:07:07 | INFO | altitude_trust_bank | app.main | Shutting down MsgClickOn...
2026-04-26 20:07:09 | INFO | altitude_trust_bank | app.main | Msgclickon application 
2026-04-26 20:07:09 | INFO | altitude_trust_bank | Database Connection | Database connection successful.
2026-04-26 20:07:09 | INFO | altitude_trust_bank | app.main | Database connection succesaful.
2026-04-26 20:07:18 | INFO | altitude_trust_bank | app.main | Shutting down MsgClickOn...
2026-04-26 20:07:28 | INFO | altitude_trust_bank | app.main | Msgclickon application 
2026-04-26 20:07:28 | INFO | altitude_trust_bank | Database Connection | Database connection successful.
2026-04-26 20:07:28 | INFO | altitude_trust_bank | app.main | Database connection succesaful.
2026-04-26 20:07:29 | INFO | altitude_trust_bank | app.main | Shutting down MsgClickOn...
2026-04-26 20:07:32 | INFO | altitude_trust_bank | app.main | Msgclickon application 
2026-04-26 20:07:32 | INFO | altitude_trust_bank | Database Connection | Database connection successful.
2026-04-26 20:07:32 | INFO | altitude_trust_bank | app.main | Database connection succesaful.
2026-04-26 20:07:43 | INFO | altitude_trust_bank | app.main | Shutting down MsgClickOn...
2026-04-26 20:07:45 | INFO | altitude_trust_bank | app.main | Msgclickon application 
2026-04-26 20:07:45 | INFO | altitude_trust_bank | Database Connection | Database connection successful.
2026-04-26 20:07:45 | INFO | altitude_trust_bank | app.main | Database connection succesaful.
2026-04-26 20:07:47 | INFO | altitude_trust_bank | app.main | Shutting down MsgClickOn...
2026-04-26 20:07:49 | INFO | altitude_trust_bank | app.main | Msgclickon application 
2026-04-26 20:07:50 | INFO | altitude_trust_bank | Database Connection | Database connection successful.
2026-04-26 20:07:50 | INFO | altitude_trust_bank | app.main | Database connection succesaful.
2026-04-26 20:07:50 | INFO | altitude_trust_bank | app.main | Shutting down MsgClickOn...
2026-04-26 20:07:52 | INFO | altitude_trust_bank | app.main | Msgclickon application 
2026-04-26 20:07:52 | INFO | altitude_trust_bank | Database Connection | Database connection successful.
2026-04-26 20:07:52 | INFO | altitude_trust_bank | app.main | Database connection succesaful.
2026-04-26 20:08:16 | INFO | altitude_trust_bank | app.main | Shutting down MsgClickOn...
2026-04-26 20:08:33 | INFO | altitude_trust_bank | app.main | Msgclickon application 
2026-04-26 20:08:34 | INFO | altitude_trust_bank | Database Connection | Database connection successful.
2026-04-26 20:08:34 | INFO | altitude_trust_bank | app.main | Database connection succesaful.
2026-04-26 20:08:36 | INFO | altitude_trust_bank | app.main | Shutting down MsgClickOn...
2026-04-26 20:08:38 | INFO | altitude_trust_bank | app.main | Msgclickon application 
2026-04-26 20:08:38 | INFO | altitude_trust_bank | Database Connection | Database connection successful.
2026-04-26 20:08:38 | INFO | altitude_trust_bank | app.main | Database connection succesaful.
2026-04-26 20:08:43 | INFO | altitude_trust_bank | app.main | Shutting down MsgClickOn...
2026-04-26 20:09:00 | INFO | altitude_trust_bank | app.main | Msgclickon application 
2026-04-26 20:09:00 | INFO | altitude_trust_bank | Database Connection | Database connection successful.
2026-04-26 20:09:00 | INFO | altitude_trust_bank | app.main | Database connection succesaful.
2026-04-26 20:09:28 | INFO | altitude_trust_bank | app.main | Shutting down MsgClickOn...
2026-04-26 20:09:30 | INFO | altitude_trust_bank | app.main | Msgclickon application 
2026-04-26 20:09:30 | INFO | altitude_trust_bank | Database Connection | Database connection successful.
2026-04-26 20:09:30 | INFO | altitude_trust_bank | app.main | Database connection succesaful.
2026-04-26 20:09:30 | INFO | altitude_trust_bank | app.main | Shutting down MsgClickOn...
2026-04-26 20:09:32 | INFO | altitude_trust_bank | app.main | Msgclickon application 
2026-04-26 20:09:33 | INFO | altitude_trust_bank | Database Connection | Database connection successful.
2026-04-26 20:09:33 | INFO | altitude_trust_bank | app.main | Database connection succesaful.
2026-04-26 20:09:38 | INFO | altitude_trust_bank | app.main | Shutting down MsgClickOn...
2026-04-26 20:09:39 | INFO | altitude_trust_bank | app.main | Msgclickon application 
2026-04-26 20:09:40 | INFO | altitude_trust_bank | Database Connection | Database connection successful.
2026-04-26 20:09:40 | INFO | altitude_trust_bank | app.main | Database connection succesaful.
2026-04-26 20:09:47 | INFO | altitude_trust_bank | app.main | Shutting down MsgClickOn...
2026-04-26 20:09:49 | INFO | altitude_trust_bank | app.main | Msgclickon application 
2026-04-26 20:09:50 | INFO | altitude_trust_bank | Database Connection | Database connection successful.
2026-04-26 20:09:50 | INFO | altitude_trust_bank | app.main | Database connection succesaful.
2026-04-26 20:10:57 | INFO | altitude_trust_bank | app.main | Shutting down MsgClickOn...
2026-04-26 20:11:00 | INFO | altitude_trust_bank | app.main | Msgclickon application 
2026-04-26 20:11:00 | INFO | altitude_trust_bank | Database Connection | Database connection successful.
2026-04-26 20:11:00 | INFO | altitude_trust_bank | app.main | Database connection succesaful.
2026-04-26 20:11:00 | INFO | altitude_trust_bank | app.main | Shutting down MsgClickOn...
2026-04-26 20:11:03 | INFO | altitude_trust_bank | app.main | Msgclickon application 
2026-04-26 20:11:03 | INFO | altitude_trust_bank | Database Connection | Database connection successful.
2026-04-26 20:11:03 | INFO | altitude_trust_bank | app.main | Database connection succesaful.
2026-04-26 20:11:04 | INFO | altitude_trust_bank | app.main | Shutting down MsgClickOn...
2026-04-26 20:11:06 | INFO | altitude_trust_bank | app.main | Msgclickon application 
2026-04-26 20:11:06 | INFO | altitude_trust_bank | Database Connection | Database connection successful.
2026-04-26 20:11:06 | INFO | altitude_trust_bank | app.main | Database connection succesaful.
2026-04-26 20:11:08 | INFO | altitude_trust_bank | app.main | Shutting down MsgClickOn...
2026-04-26 20:11:09 | INFO | altitude_trust_bank | app.main | Msgclickon application 
2026-04-26 20:11:09 | INFO | altitude_trust_bank | Database Connection | Database connection successful.
2026-04-26 20:11:09 | INFO | altitude_trust_bank | app.main | Database connection succesaful.
2026-04-26 20:11:10 | INFO | altitude_trust_bank | app.main | Shutting down MsgClickOn...
2026-04-26 20:11:14 | INFO | altitude_trust_bank | app.main | Msgclickon application 
2026-04-26 20:11:14 | INFO | altitude_trust_bank | Database Connection | Database connection successful.
2026-04-26 20:11:14 | INFO | altitude_trust_bank | app.main | Database connection succesaful.
2026-04-26 20:11:14 | INFO | altitude_trust_bank | app.main | Shutting down MsgClickOn...
2026-04-26 20:11:21 | INFO | altitude_trust_bank | app.main | Msgclickon application 
2026-04-26 20:11:21 | INFO | altitude_trust_bank | Database Connection | Database connection successful.
2026-04-26 20:11:21 | INFO | altitude_trust_bank | app.main | Database connection succesaful.
2026-04-26 20:11:22 | INFO | altitude_trust_bank | app.main | Shutting down MsgClickOn...
2026-04-26 20:11:26 | INFO | altitude_trust_bank | app.main | Msgclickon application 
2026-04-26 20:11:26 | INFO | altitude_trust_bank | Database Connection | Database connection successful.
2026-04-26 20:11:26 | INFO | altitude_trust_bank | app.main | Database connection succesaful.
2026-04-26 20:11:32 | INFO | altitude_trust_bank | app.main | Shutting down MsgClickOn...
2026-04-26 20:11:33 | INFO | altitude_trust_bank | app.main | Msgclickon application 
2026-04-26 20:11:33 | INFO | altitude_trust_bank | Database Connection | Database connection successful.
2026-04-26 20:11:33 | INFO | altitude_trust_bank | app.main | Database connection succesaful.
2026-04-26 20:11:38 | INFO | altitude_trust_bank | app.main | Shutting down MsgClickOn...
2026-04-26 20:11:40 | INFO | altitude_trust_bank | app.main | Msgclickon application 
2026-04-26 20:11:40 | INFO | altitude_trust_bank | Database Connection | Database connection successful.
2026-04-26 20:11:40 | INFO | altitude_trust_bank | app.main | Database connection succesaful.
2026-04-26 20:11:41 | INFO | altitude_trust_bank | app.main | Shutting down MsgClickOn...
2026-04-26 20:11:47 | INFO | altitude_trust_bank | app.main | Msgclickon application 
2026-04-26 20:11:47 | INFO | altitude_trust_bank | Database Connection | Database connection successful.
2026-04-26 20:11:47 | INFO | altitude_trust_bank | app.main | Database connection succesaful.
2026-04-26 20:11:47 | INFO | altitude_trust_bank | app.main | Shutting down MsgClickOn...
2026-04-26 20:11:49 | INFO | altitude_trust_bank | app.main | Msgclickon application 
2026-04-26 20:11:49 | INFO | altitude_trust_bank | Database Connection | Database connection successful.
2026-04-26 20:11:49 | INFO | altitude_trust_bank | app.main | Database connection succesaful.
2026-04-26 20:11:52 | INFO | altitude_trust_bank | app.main | Shutting down MsgClickOn...
2026-04-26 20:11:53 | INFO | altitude_trust_bank | app.main | Msgclickon application 
2026-04-26 20:11:53 | INFO | altitude_trust_bank | Database Connection | Database connection successful.
2026-04-26 20:11:53 | INFO | altitude_trust_bank | app.main | Database connection succesaful.
2026-04-26 20:12:04 | INFO | altitude_trust_bank | app.main | Shutting down MsgClickOn...
2026-04-26 20:12:47 | INFO | altitude_trust_bank | app.main | Msgclickon application 
2026-04-26 20:12:47 | INFO | altitude_trust_bank | Database Connection | Database connection successful.
2026-04-26 20:12:47 | INFO | altitude_trust_bank | app.main | Database connection succesaful.
2026-04-26 20:14:59 | INFO | altitude_trust_bank | app.main | Shutting down MsgClickOn...
2026-04-26 22:05:08 | INFO | altitude_trust_bank | app.main | Msgclickon application 
2026-04-26 22:05:08 | INFO | altitude_trust_bank | Database Connection | Database connection successful.
2026-04-26 22:05:08 | INFO | altitude_trust_bank | app.main | Database connection succesaful.
2026-04-26 22:05:14 | INFO | altitude_trust_bank | app.main | Shutting down MsgClickOn...
2026-04-26 22:05:19 | INFO | altitude_trust_bank | app.main | Msgclickon application 
2026-04-26 22:05:19 | INFO | altitude_trust_bank | Database Connection | Database connection successful.
2026-04-26 22:05:19 | INFO | altitude_trust_bank | app.main | Database connection succesaful.
2026-04-26 22:11:13 | INFO | altitude_trust_bank | app.main | Shutting down MsgClickOn...
2026-04-26 22:11:18 | INFO | altitude_trust_bank | app.main | Msgclickon application 
2026-04-26 22:11:18 | INFO | altitude_trust_bank | Database Connection | Database connection successful.
2026-04-26 22:11:18 | INFO | altitude_trust_bank | app.main | Database connection succesaful.
2026-04-26 22:11:19 | INFO | altitude_trust_bank | app.main | Shutting down MsgClickOn...
2026-04-26 22:11:23 | INFO | altitude_trust_bank | app.main | Msgclickon application 
2026-04-26 22:11:23 | INFO | altitude_trust_bank | Database Connection | Database connection successful.
2026-04-26 22:11:23 | INFO | altitude_trust_bank | app.main | Database connection succesaful.
2026-04-26 22:11:24 | INFO | altitude_trust_bank | app.main | Shutting down MsgClickOn...
2026-04-26 22:11:27 | INFO | altitude_trust_bank | app.main | Msgclickon application 
2026-04-26 22:11:27 | INFO | altitude_trust_bank | Database Connection | Database connection successful.
2026-04-26 22:11:27 | INFO | altitude_trust_bank | app.main | Database connection succesaful.
2026-04-26 23:15:21 | INFO | altitude_trust_bank | app.main | Shutting down MsgClickOn...
2026-04-26 23:15:25 | INFO | altitude_trust_bank | app.main | Msgclickon application 
2026-04-26 23:15:26 | INFO | altitude_trust_bank | Database Connection | Database connection successful.
2026-04-26 23:15:26 | INFO | altitude_trust_bank | app.main | Database connection succesaful.
2026-04-26 23:15:26 | INFO | altitude_trust_bank | app.main | Shutting down MsgClickOn...
2026-04-26 23:15:29 | INFO | altitude_trust_bank | app.main | Msgclickon application 
2026-04-26 23:15:30 | INFO | altitude_trust_bank | Database Connection | Database connection successful.
2026-04-26 23:15:30 | INFO | altitude_trust_bank | app.main | Database connection succesaful.
2026-04-26 23:15:30 | INFO | altitude_trust_bank | app.main | Shutting down MsgClickOn...
2026-04-26 23:15:34 | INFO | altitude_trust_bank | app.main | Msgclickon application 
2026-04-26 23:15:34 | INFO | altitude_trust_bank | Database Connection | Database connection successful.
2026-04-26 23:15:34 | INFO | altitude_trust_bank | app.main | Database connection succesaful.
2026-04-26 23:15:34 | INFO | altitude_trust_bank | app.main | Shutting down MsgClickOn...
2026-04-26 23:15:38 | INFO | altitude_trust_bank | app.main | Msgclickon application 
2026-04-26 23:15:38 | INFO | altitude_trust_bank | Database Connection | Database connection successful.
2026-04-26 23:15:38 | INFO | altitude_trust_bank | app.main | Database connection succesaful.
2026-04-26 23:20:31 | INFO | altitude_trust_bank | app.main | Shutting down MsgClickOn...
2026-04-26 23:20:33 | INFO | altitude_trust_bank | app.main | Msgclickon application 
2026-04-26 23:20:33 | INFO | altitude_trust_bank | Database Connection | Database connection successful.
2026-04-26 23:20:33 | INFO | altitude_trust_bank | app.main | Database connection succesaful.
2026-04-26 23:20:33 | INFO | altitude_trust_bank | app.main | Shutting down MsgClickOn...
2026-04-26 23:20:35 | INFO | altitude_trust_bank | app.main | Msgclickon application 
2026-04-26 23:20:35 | INFO | altitude_trust_bank | Database Connection | Database connection successful.
2026-04-26 23:20:35 | INFO | altitude_trust_bank | app.main | Database connection succesaful.
2026-04-26 23:20:36 | INFO | altitude_trust_bank | app.main | Shutting down MsgClickOn...
2026-04-26 23:20:38 | INFO | altitude_trust_bank | app.main | Msgclickon application 
2026-04-26 23:20:38 | INFO | altitude_trust_bank | Database Connection | Database connection successful.
2026-04-26 23:20:38 | INFO | altitude_trust_bank | app.main | Database connection succesaful.
2026-04-26 23:22:26 | INFO | altitude_trust_bank | app.main | Shutting down MsgClickOn...
2026-04-26 23:22:28 | INFO | altitude_trust_bank | app.main | Msgclickon application 
2026-04-26 23:22:28 | INFO | altitude_trust_bank | Database Connection | Database connection successful.
2026-04-26 23:22:28 | INFO | altitude_trust_bank | app.main | Database connection succesaful.
2026-04-26 23:22:29 | INFO | altitude_trust_bank | app.main | Shutting down MsgClickOn...
2026-04-26 23:22:31 | INFO | altitude_trust_bank | app.main | Msgclickon application 
2026-04-26 23:22:31 | INFO | altitude_trust_bank | Database Connection | Database connection successful.
2026-04-26 23:22:31 | INFO | altitude_trust_bank | app.main | Database connection succesaful.
2026-04-26 23:22:31 | INFO | altitude_trust_bank | app.main | Shutting down MsgClickOn...
2026-04-26 23:22:33 | INFO | altitude_trust_bank | app.main | Msgclickon application 
2026-04-26 23:22:33 | INFO | altitude_trust_bank | Database Connection | Database connection successful.
2026-04-26 23:22:33 | INFO | altitude_trust_bank | app.main | Database connection succesaful.
2026-04-26 23:22:33 | INFO | altitude_trust_bank | app.main | Shutting down MsgClickOn...
2026-04-26 23:22:36 | INFO | altitude_trust_bank | app.main | Msgclickon application 
2026-04-26 23:22:36 | INFO | altitude_trust_bank | Database Connection | Database connection successful.
2026-04-26 23:22:36 | INFO | altitude_trust_bank | app.main | Database connection succesaful.
2026-04-26 23:22:36 | INFO | altitude_trust_bank | app.main | Shutting down MsgClickOn...
2026-04-26 23:22:39 | INFO | altitude_trust_bank | app.main | Msgclickon application 
2026-04-26 23:22:39 | INFO | altitude_trust_bank | Database Connection | Database connection successful.
2026-04-26 23:22:39 | INFO | altitude_trust_bank | app.main | Database connection succesaful.
2026-04-26 23:22:40 | INFO | altitude_trust_bank | app.main | Shutting down MsgClickOn...
2026-04-26 23:22:41 | INFO | altitude_trust_bank | app.main | Msgclickon application 
2026-04-26 23:22:42 | INFO | altitude_trust_bank | Database Connection | Database connection successful.
2026-04-26 23:22:42 | INFO | altitude_trust_bank | app.main | Database connection succesaful.
2026-04-26 23:28:35 | INFO | altitude_trust_bank | app.main | Shutting down MsgClickOn...
2026-04-26 23:28:45 | INFO | altitude_trust_bank | app.main | Msgclickon application 
2026-04-26 23:28:45 | INFO | altitude_trust_bank | Database Connection | Database connection successful.
2026-04-26 23:28:45 | INFO | altitude_trust_bank | app.main | Database connection succesaful.
2026-04-26 23:31:27 | INFO | altitude_trust_bank | app.main | Shutting down MsgClickOn...
2026-04-26 23:31:29 | INFO | altitude_trust_bank | app.main | Msgclickon application 
2026-04-26 23:31:30 | INFO | altitude_trust_bank | Database Connection | Database connection successful.
2026-04-26 23:31:30 | INFO | altitude_trust_bank | app.main | Database connection succesaful.
2026-04-26 23:32:56 | INFO | altitude_trust_bank | app.main | Shutting down MsgClickOn...
2026-04-26 23:32:57 | INFO | altitude_trust_bank | app.main | Msgclickon application 
2026-04-26 23:32:57 | INFO | altitude_trust_bank | Database Connection | Database connection successful.
2026-04-26 23:32:57 | INFO | altitude_trust_bank | app.main | Database connection succesaful.
2026-04-26 23:33:01 | INFO | altitude_trust_bank | app.main | Shutting down MsgClickOn...
2026-04-26 23:33:03 | INFO | altitude_trust_bank | app.main | Msgclickon application 
2026-04-26 23:33:03 | INFO | altitude_trust_bank | Database Connection | Database connection successful.
2026-04-26 23:33:03 | INFO | altitude_trust_bank | app.main | Database connection succesaful.
2026-04-26 23:33:04 | INFO | altitude_trust_bank | app.main | Shutting down MsgClickOn...
2026-04-26 23:33:06 | INFO | altitude_trust_bank | app.main | Msgclickon application 
2026-04-26 23:33:06 | INFO | altitude_trust_bank | Database Connection | Database connection successful.
2026-04-26 23:33:06 | INFO | altitude_trust_bank | app.main | Database connection succesaful.
2026-04-26 23:33:07 | INFO | altitude_trust_bank | app.main | Shutting down MsgClickOn...
2026-04-26 23:33:09 | INFO | altitude_trust_bank | app.main | Msgclickon application 
2026-04-26 23:33:09 | INFO | altitude_trust_bank | Database Connection | Database connection successful.
2026-04-26 23:33:09 | INFO | altitude_trust_bank | app.main | Database connection succesaful.
2026-04-26 23:33:17 | INFO | altitude_trust_bank | app.main | Shutting down MsgClickOn...
2026-04-26 23:33:20 | INFO | altitude_trust_bank | app.main | Msgclickon application 
2026-04-26 23:33:20 | INFO | altitude_trust_bank | Database Connection | Database connection successful.
2026-04-26 23:33:20 | INFO | altitude_trust_bank | app.main | Database connection succesaful.
2026-04-26 23:34:02 | INFO | altitude_trust_bank | app.main | Shutting down MsgClickOn...
2026-04-26 23:34:11 | INFO | altitude_trust_bank | app.main | Msgclickon application 
2026-04-26 23:34:11 | INFO | altitude_trust_bank | Database Connection | Database connection successful.
2026-04-26 23:34:11 | INFO | altitude_trust_bank | app.main | Database connection succesaful.
2026-04-26 23:36:41 | INFO | altitude_trust_bank | app.main | Shutting down MsgClickOn...
2026-04-26 23:36:43 | INFO | altitude_trust_bank | app.main | Msgclickon application 
2026-04-26 23:36:43 | INFO | altitude_trust_bank | Database Connection | Database connection successful.
2026-04-26 23:36:43 | INFO | altitude_trust_bank | app.main | Database connection succesaful.
2026-04-26 23:36:45 | INFO | altitude_trust_bank | app.main | Shutting down MsgClickOn...
2026-04-26 23:36:47 | INFO | altitude_trust_bank | app.main | Msgclickon application 
2026-04-26 23:36:47 | INFO | altitude_trust_bank | Database Connection | Database connection successful.
2026-04-26 23:36:47 | INFO | altitude_trust_bank | app.main | Database connection succesaful.
2026-04-26 23:37:32 | INFO | altitude_trust_bank | app.main | Shutting down MsgClickOn...
2026-04-26 23:37:34 | INFO | altitude_trust_bank | app.main | Msgclickon application 
2026-04-26 23:37:34 | INFO | altitude_trust_bank | Database Connection | Database connection successful.
2026-04-26 23:37:34 | INFO | altitude_trust_bank | app.main | Database connection succesaful.
2026-04-26 23:37:35 | INFO | altitude_trust_bank | app.main | Shutting down MsgClickOn...
2026-04-26 23:37:37 | INFO | altitude_trust_bank | app.main | Msgclickon application 
2026-04-26 23:37:37 | INFO | altitude_trust_bank | Database Connection | Database connection successful.
2026-04-26 23:37:37 | INFO | altitude_trust_bank | app.main | Database connection succesaful.
2026-04-26 23:37:45 | INFO | altitude_trust_bank | app.main | Shutting down MsgClickOn...
2026-04-26 23:37:49 | INFO | altitude_trust_bank | app.main | Msgclickon application 
2026-04-26 23:37:49 | INFO | altitude_trust_bank | Database Connection | Database connection successful.
2026-04-26 23:37:49 | INFO | altitude_trust_bank | app.main | Database connection succesaful.
2026-04-26 23:37:57 | INFO | altitude_trust_bank | app.main | Shutting down MsgClickOn...
2026-04-26 23:38:02 | INFO | altitude_trust_bank | app.main | Msgclickon application 
2026-04-26 23:38:02 | INFO | altitude_trust_bank | Database Connection | Database connection successful.
2026-04-26 23:38:02 | INFO | altitude_trust_bank | app.main | Database connection succesaful.
2026-04-26 23:38:02 | INFO | altitude_trust_bank | app.main | Shutting down MsgClickOn...
2026-04-26 23:38:04 | INFO | altitude_trust_bank | app.main | Msgclickon application 
2026-04-26 23:38:04 | INFO | altitude_trust_bank | Database Connection | Database connection successful.
2026-04-26 23:38:04 | INFO | altitude_trust_bank | app.main | Database connection succesaful.
2026-04-26 23:38:08 | INFO | altitude_trust_bank | app.main | Shutting down MsgClickOn...
2026-04-26 23:38:10 | INFO | altitude_trust_bank | app.main | Msgclickon application 
2026-04-26 23:38:10 | INFO | altitude_trust_bank | Database Connection | Database connection successful.
2026-04-26 23:38:10 | INFO | altitude_trust_bank | app.main | Database connection succesaful.
2026-04-26 23:38:10 | INFO | altitude_trust_bank | app.main | Shutting down MsgClickOn...
2026-04-26 23:38:12 | INFO | altitude_trust_bank | app.main | Msgclickon application 
2026-04-26 23:38:12 | INFO | altitude_trust_bank | Database Connection | Database connection successful.
2026-04-26 23:38:12 | INFO | altitude_trust_bank | app.main | Database connection succesaful.
2026-04-26 23:38:19 | INFO | altitude_trust_bank | app.main | Shutting down MsgClickOn...
2026-04-26 23:38:21 | INFO | altitude_trust_bank | app.main | Msgclickon application 
2026-04-26 23:38:21 | INFO | altitude_trust_bank | Database Connection | Database connection successful.
2026-04-26 23:38:21 | INFO | altitude_trust_bank | app.main | Database connection succesaful.
2026-04-26 23:38:21 | INFO | altitude_trust_bank | app.main | Shutting down MsgClickOn...
2026-04-26 23:38:23 | INFO | altitude_trust_bank | app.main | Msgclickon application 
2026-04-26 23:38:23 | INFO | altitude_trust_bank | Database Connection | Database connection successful.
2026-04-26 23:38:23 | INFO | altitude_trust_bank | app.main | Database connection succesaful.
2026-04-26 23:39:32 | INFO | altitude_trust_bank | app.main | Shutting down MsgClickOn...
2026-04-26 23:39:34 | INFO | altitude_trust_bank | app.main | Msgclickon application 
2026-04-26 23:39:34 | INFO | altitude_trust_bank | Database Connection | Database connection successful.
2026-04-26 23:39:34 | INFO | altitude_trust_bank | app.main | Database connection succesaful.
2026-04-26 23:39:39 | INFO | altitude_trust_bank | app.main | Shutting down MsgClickOn...
2026-04-26 23:39:41 | INFO | altitude_trust_bank | app.main | Msgclickon application 
2026-04-26 23:39:41 | INFO | altitude_trust_bank | Database Connection | Database connection successful.
2026-04-26 23:39:41 | INFO | altitude_trust_bank | app.main | Database connection succesaful.
